<?xml version="1.0" encoding="UTF-8"?>
<!-- Generated by org.testng.reporters.JUnitReportReporter -->
<testsuite hostname="Sony-PC" failures="0" tests="1" name="tests.CreateAccount" time="27.721" errors="0" timestamp="23 Jun 2018 07:02:07 GMT" skipped="0">
  <testcase classname="tests.CreateAccount" name="deleteLead" time="27.721"/>
</testsuite> <!-- tests.CreateAccount -->
