<?xml version="1.0" encoding="UTF-8"?>
<!-- Generated by org.testng.reporters.JUnitReportReporter -->
<testsuite hostname="Sony-PC" failures="0" tests="1" name="tests.EditLead" time="23.556" errors="0" timestamp="30 Jun 2018 21:06:46 GMT" skipped="0">
  <testcase classname="tests.EditLead" name="editLead" time="23.556"/>
</testsuite> <!-- tests.EditLead -->
