<?xml version="1.0" encoding="UTF-8"?>
<!-- Generated by org.testng.reporters.JUnitReportReporter -->
<testsuite hostname="Sony-PC" failures="0" tests="1" name="tests.DeleteLead" time="30.997" errors="0" timestamp="30 Jun 2018 21:06:46 GMT" skipped="0">
  <testcase classname="tests.DeleteLead" name="deleteLead" time="30.997"/>
</testsuite> <!-- tests.DeleteLead -->
