<?xml version="1.0" encoding="UTF-8"?>
<!-- Generated by org.testng.reporters.JUnitReportReporter -->
<testsuite hostname="Sony-PC" failures="0" tests="1" name="tests.CreateLead" time="28.098" errors="0" timestamp="01 Jul 2018 06:11:12 GMT" skipped="0">
  <testcase classname="tests.CreateLead" name="createLead" time="28.098"/>
</testsuite> <!-- tests.CreateLead -->
