<?xml version="1.0" encoding="UTF-8"?>
<!-- Generated by org.testng.reporters.JUnitReportReporter -->
<testsuite hostname="Sony-PC" failures="0" tests="1" name="readData.readExcel" time="0.784" errors="0" timestamp="30 Jun 2018 04:10:46 GMT" skipped="0">
  <testcase classname="readData.readExcel" name="main" time="0.784"/>
</testsuite> <!-- readData.readExcel -->
