<?xml version="1.0" encoding="UTF-8"?>
<!-- Generated by org.testng.reporters.JUnitReportReporter -->
<testsuite hostname="Sony-PC" failures="0" tests="1" name="tests.Flipkart" time="24.161" errors="0" timestamp="22 Jun 2018 18:27:50 GMT" skipped="0">
  <testcase classname="tests.Flipkart" name="createLead" time="24.161"/>
</testsuite> <!-- tests.Flipkart -->
