<?xml version="1.0" encoding="UTF-8"?>
<!-- Generated by org.testng.reporters.JUnitReportReporter -->
<testsuite hostname="Sony-PC" failures="0" tests="1" name="grid.JqueryUi" time="12.577" errors="0" timestamp="08 Jul 2018 11:17:52 GMT" skipped="0">
  <testcase classname="grid.JqueryUi" name="frame" time="12.577"/>
</testsuite> <!-- grid.JqueryUi -->
