<?xml version="1.0" encoding="UTF-8"?>
<!-- Generated by org.testng.reporters.JUnitReportReporter -->
<testsuite hostname="Sony-PC" failures="0" tests="2" name="tests.leads.CreateLead" time="50.391" errors="0" timestamp="07 Jul 2018 14:52:00 GMT" skipped="0">
  <testcase classname="tests.leads.CreateLead" name="createLead" time="25.432"/>
  <testcase classname="tests.leads.CreateLead" name="createLead" time="24.959"/>
</testsuite> <!-- tests.leads.CreateLead -->
