<?xml version="1.0" encoding="UTF-8"?>
<!-- Generated by org.testng.reporters.JUnitReportReporter -->
<testsuite hostname="Sony-PC" failures="0" tests="1" name="tests.MergeLead" time="22.612" errors="1" timestamp="23 Jun 2018 16:51:07 GMT" skipped="0">
  <testcase classname="tests.MergeLead" name="mergeLead" time="22.612">
    <error type="java.lang.StackOverflowError">
      <![CDATA[java.lang.StackOverflowError
at lib.selenium.WebDriverServiceImpl.acceptAlert(WebDriverServiceImpl.java:210)
at lib.selenium.WebDriverServiceImpl.acceptAlert(WebDriverServiceImpl.java:210)
at lib.selenium.WebDriverServiceImpl.acceptAlert(WebDriverServiceImpl.java:210)
at lib.selenium.WebDriverServiceImpl.acceptAlert(WebDriverServiceImpl.java:210)
at lib.selenium.WebDriverServiceImpl.acceptAlert(WebDriverServiceImpl.java:210)
at lib.selenium.WebDriverServiceImpl.acceptAlert(WebDriverServiceImpl.java:210)
at lib.selenium.WebDriverServiceImpl.acceptAlert(WebDriverServiceImpl.java:210)
at lib.selenium.WebDriverServiceImpl.acceptAlert(WebDriverServiceImpl.java:210)
at lib.selenium.WebDriverServiceImpl.acceptAlert(WebDriverServiceImpl.java:210)
at lib.selenium.WebDriverServiceImpl.acceptAlert(WebDriverServiceImpl.java:210)
at lib.selenium.WebDriverServiceImpl.acceptAlert(WebDriverServiceImpl.java:210)
at lib.selenium.WebDriverServiceImpl.acceptAlert(WebDriverServiceImpl.java:210)
at lib.selenium.WebDriverServiceImpl.acceptAlert(WebDriverServiceImpl.java:210)
at lib.selenium.WebDriverServiceImpl.acceptAlert(WebDriverServiceImpl.java:210)
at lib.selenium.WebDriverServiceImpl.acceptAlert(WebDriverServiceImpl.java:210)
at lib.selenium.WebDriverServiceImpl.acceptAlert(WebDriverServiceImpl.java:210)
at lib.selenium.WebDriverServiceImpl.acceptAlert(WebDriverServiceImpl.java:210)
at lib.selenium.WebDriverServiceImpl.acceptAlert(WebDriverServiceImpl.java:210)
at lib.selenium.WebDriverServiceImpl.acceptAlert(WebDriverServiceImpl.java:210)
at lib.selenium.WebDriverServiceImpl.acceptAlert(WebDriverServiceImpl.java:210)
at lib.selenium.WebDriverServiceImpl.acceptAlert(WebDriverServiceImpl.java:210)
at lib.selenium.WebDriverServiceImpl.acceptAlert(WebDriverServiceImpl.java:210)
at lib.selenium.WebDriverServiceImpl.acceptAlert(WebDriverServiceImpl.java:210)
at lib.selenium.WebDriverServiceImpl.acceptAlert(WebDriverServiceImpl.java:210)
at lib.selenium.WebDriverServiceImpl.acceptAlert(WebDriverServiceImpl.java:210)
at lib.selenium.WebDriverServiceImpl.acceptAlert(WebDriverServiceImpl.java:210)
at lib.selenium.WebDriverServiceImpl.acceptAlert(WebDriverServiceImpl.java:210)
at lib.selenium.WebDriverServiceImpl.acceptAlert(WebDriverServiceImpl.java:210)
at lib.selenium.WebDriverServiceImpl.acceptAlert(WebDriverServiceImpl.java:210)
at lib.selenium.WebDriverServiceImpl.acceptAlert(WebDriverServiceImpl.java:210)
at lib.selenium.WebDriverServiceImpl.acceptAlert(WebDriverServiceImpl.java:210)
at lib.selenium.WebDriverServiceImpl.acceptAlert(WebDriverServiceImpl.java:210)
at lib.selenium.WebDriverServiceImpl.acceptAlert(WebDriverServiceImpl.java:210)
at lib.selenium.WebDriverServiceImpl.acceptAlert(WebDriverServiceImpl.java:210)
at lib.selenium.WebDriverServiceImpl.acceptAlert(WebDriverServiceImpl.java:210)
at lib.selenium.WebDriverServiceImpl.acceptAlert(WebDriverServiceImpl.java:210)
at lib.selenium.WebDriverServiceImpl.acceptAlert(WebDriverServiceImpl.java:210)
at lib.selenium.WebDriverServiceImpl.acceptAlert(WebDriverServiceImpl.java:210)
at lib.selenium.WebDriverServiceImpl.acceptAlert(WebDriverServiceImpl.java:210)
at lib.selenium.WebDriverServiceImpl.acceptAlert(WebDriverServiceImpl.java:210)
at lib.selenium.WebDriverServiceImpl.acceptAlert(WebDriverServiceImpl.java:210)
at lib.selenium.WebDriverServiceImpl.acceptAlert(WebDriverServiceImpl.java:210)
at lib.selenium.WebDriverServiceImpl.acceptAlert(WebDriverServiceImpl.java:210)
at lib.selenium.WebDriverServiceImpl.acceptAlert(WebDriverServiceImpl.java:210)
at lib.selenium.WebDriverServiceImpl.acceptAlert(WebDriverServiceImpl.java:210)
at lib.selenium.WebDriverServiceImpl.acceptAlert(WebDriverServiceImpl.java:210)
at lib.selenium.WebDriverServiceImpl.acceptAlert(WebDriverServiceImpl.java:210)
at lib.selenium.WebDriverServiceImpl.acceptAlert(WebDriverServiceImpl.java:210)
at lib.selenium.WebDriverServiceImpl.acceptAlert(WebDriverServiceImpl.java:210)
at lib.selenium.WebDriverServiceImpl.acceptAlert(WebDriverServiceImpl.java:210)
at lib.selenium.WebDriverServiceImpl.acceptAlert(WebDriverServiceImpl.java:210)
at lib.selenium.WebDriverServiceImpl.acceptAlert(WebDriverServiceImpl.java:210)
at lib.selenium.WebDriverServiceImpl.acceptAlert(WebDriverServiceImpl.java:210)
at lib.selenium.WebDriverServiceImpl.acceptAlert(WebDriverServiceImpl.java:210)
at lib.selenium.WebDriverServiceImpl.acceptAlert(WebDriverServiceImpl.java:210)
at lib.selenium.WebDriverServiceImpl.acceptAlert(WebDriverServiceImpl.java:210)
at lib.selenium.WebDriverServiceImpl.acceptAlert(WebDriverServiceImpl.java:210)
at lib.selenium.WebDriverServiceImpl.acceptAlert(WebDriverServiceImpl.java:210)
at lib.selenium.WebDriverServiceImpl.acceptAlert(WebDriverServiceImpl.java:210)
at lib.selenium.WebDriverServiceImpl.acceptAlert(WebDriverServiceImpl.java:210)
at lib.selenium.WebDriverServiceImpl.acceptAlert(WebDriverServiceImpl.java:210)
at lib.selenium.WebDriverServiceImpl.acceptAlert(WebDriverServiceImpl.java:210)
at lib.selenium.WebDriverServiceImpl.acceptAlert(WebDriverServiceImpl.java:210)
at lib.selenium.WebDriverServiceImpl.acceptAlert(WebDriverServiceImpl.java:210)
at lib.selenium.WebDriverServiceImpl.acceptAlert(WebDriverServiceImpl.java:210)
at lib.selenium.WebDriverServiceImpl.acceptAlert(WebDriverServiceImpl.java:210)
at lib.selenium.WebDriverServiceImpl.acceptAlert(WebDriverServiceImpl.java:210)
at lib.selenium.WebDriverServiceImpl.acceptAlert(WebDriverServiceImpl.java:210)
at lib.selenium.WebDriverServiceImpl.acceptAlert(WebDriverServiceImpl.java:210)
at lib.selenium.WebDriverServiceImpl.acceptAlert(WebDriverServiceImpl.java:210)
at lib.selenium.WebDriverServiceImpl.acceptAlert(WebDriverServiceImpl.java:210)
at lib.selenium.WebDriverServiceImpl.acceptAlert(WebDriverServiceImpl.java:210)
at lib.selenium.WebDriverServiceImpl.acceptAlert(WebDriverServiceImpl.java:210)
at lib.selenium.WebDriverServiceImpl.acceptAlert(WebDriverServiceImpl.java:210)
at lib.selenium.WebDriverServiceImpl.acceptAlert(WebDriverServiceImpl.java:210)
at lib.selenium.WebDriverServiceImpl.acceptAlert(WebDriverServiceImpl.java:210)
at lib.selenium.WebDriverServiceImpl.acceptAlert(WebDriverServiceImpl.java:210)
at lib.selenium.WebDriverServiceImpl.acceptAlert(WebDriverServiceImpl.java:210)
at lib.selenium.WebDriverServiceImpl.acceptAlert(WebDriverServiceImpl.java:210)
at lib.selenium.WebDriverServiceImpl.acceptAlert(WebDriverServiceImpl.java:210)
at lib.selenium.WebDriverServiceImpl.acceptAlert(WebDriverServiceImpl.java:210)
at lib.selenium.WebDriverServiceImpl.acceptAlert(WebDriverServiceImpl.java:210)
at lib.selenium.WebDriverServiceImpl.acceptAlert(WebDriverServiceImpl.java:210)
at lib.selenium.WebDriverServiceImpl.acceptAlert(WebDriverServiceImpl.java:210)
at lib.selenium.WebDriverServiceImpl.acceptAlert(WebDriverServiceImpl.java:210)
at lib.selenium.WebDriverServiceImpl.acceptAlert(WebDriverServiceImpl.java:210)
at lib.selenium.WebDriverServiceImpl.acceptAlert(WebDriverServiceImpl.java:210)
at lib.selenium.WebDriverServiceImpl.acceptAlert(WebDriverServiceImpl.java:210)
at lib.selenium.WebDriverServiceImpl.acceptAlert(WebDriverServiceImpl.java:210)
at lib.selenium.WebDriverServiceImpl.acceptAlert(WebDriverServiceImpl.java:210)
at lib.selenium.WebDriverServiceImpl.acceptAlert(WebDriverServiceImpl.java:210)
at lib.selenium.WebDriverServiceImpl.acceptAlert(WebDriverServiceImpl.java:210)
at lib.selenium.WebDriverServiceImpl.acceptAlert(WebDriverServiceImpl.java:210)
at lib.selenium.WebDriverServiceImpl.acceptAlert(WebDriverServiceImpl.java:210)
at lib.selenium.WebDriverServiceImpl.acceptAlert(WebDriverServiceImpl.java:210)
at lib.selenium.WebDriverServiceImpl.acceptAlert(WebDriverServiceImpl.java:210)
at lib.selenium.WebDriverServiceImpl.acceptAlert(WebDriverServiceImpl.java:210)
at lib.selenium.WebDriverServiceImpl.acceptAlert(WebDriverServiceImpl.java:210)
at lib.selenium.WebDriverServiceImpl.acceptAlert(WebDriverServiceImpl.java:210)
at lib.selenium.WebDriverServiceImpl.acceptAlert(WebDriverServiceImpl.java:210)
at lib.selenium.WebDriverServiceImpl.acceptAlert(WebDriverServiceImpl.java:210)
at lib.selenium.WebDriverServiceImpl.acceptAlert(WebDriverServiceImpl.java:210)
at lib.selenium.WebDriverServiceImpl.acceptAlert(WebDriverServiceImpl.java:210)
at lib.selenium.WebDriverServiceImpl.acceptAlert(WebDriverServiceImpl.java:210)
at lib.selenium.WebDriverServiceImpl.acceptAlert(WebDriverServiceImpl.java:210)
at lib.selenium.WebDriverServiceImpl.acceptAlert(WebDriverServiceImpl.java:210)
at lib.selenium.WebDriverServiceImpl.acceptAlert(WebDriverServiceImpl.java:210)
at lib.selenium.WebDriverServiceImpl.acceptAlert(WebDriverServiceImpl.java:210)
at lib.selenium.WebDriverServiceImpl.acceptAlert(WebDriverServiceImpl.java:210)
at lib.selenium.WebDriverServiceImpl.acceptAlert(WebDriverServiceImpl.java:210)
at lib.selenium.WebDriverServiceImpl.acceptAlert(WebDriverServiceImpl.java:210)
at lib.selenium.WebDriverServiceImpl.acceptAlert(WebDriverServiceImpl.java:210)
at lib.selenium.WebDriverServiceImpl.acceptAlert(WebDriverServiceImpl.java:210)
at lib.selenium.WebDriverServiceImpl.acceptAlert(WebDriverServiceImpl.java:210)
at lib.selenium.WebDriverServiceImpl.acceptAlert(WebDriverServiceImpl.java:210)
at lib.selenium.WebDriverServiceImpl.acceptAlert(WebDriverServiceImpl.java:210)
at lib.selenium.WebDriverServiceImpl.acceptAlert(WebDriverServiceImpl.java:210)
at lib.selenium.WebDriverServiceImpl.acceptAlert(WebDriverServiceImpl.java:210)
at lib.selenium.WebDriverServiceImpl.acceptAlert(WebDriverServiceImpl.java:210)
at lib.selenium.WebDriverServiceImpl.acceptAlert(WebDriverServiceImpl.java:210)
at lib.selenium.WebDriverServiceImpl.acceptAlert(WebDriverServiceImpl.java:210)
at lib.selenium.WebDriverServiceImpl.acceptAlert(WebDriverServiceImpl.java:210)
at lib.selenium.WebDriverServiceImpl.acceptAlert(WebDriverServiceImpl.java:210)
at lib.selenium.WebDriverServiceImpl.acceptAlert(WebDriverServiceImpl.java:210)
at lib.selenium.WebDriverServiceImpl.acceptAlert(WebDriverServiceImpl.java:210)
at lib.selenium.WebDriverServiceImpl.acceptAlert(WebDriverServiceImpl.java:210)
at lib.selenium.WebDriverServiceImpl.acceptAlert(WebDriverServiceImpl.java:210)
at lib.selenium.WebDriverServiceImpl.acceptAlert(WebDriverServiceImpl.java:210)
at lib.selenium.WebDriverServiceImpl.acceptAlert(WebDriverServiceImpl.java:210)
at lib.selenium.WebDriverServiceImpl.acceptAlert(WebDriverServiceImpl.java:210)
at lib.selenium.WebDriverServiceImpl.acceptAlert(WebDriverServiceImpl.java:210)
at lib.selenium.WebDriverServiceImpl.acceptAlert(WebDriverServiceImpl.java:210)
at lib.selenium.WebDriverServiceImpl.acceptAlert(WebDriverServiceImpl.java:210)
at lib.selenium.WebDriverServiceImpl.acceptAlert(WebDriverServiceImpl.java:210)
at lib.selenium.WebDriverServiceImpl.acceptAlert(WebDriverServiceImpl.java:210)
at lib.selenium.WebDriverServiceImpl.acceptAlert(WebDriverServiceImpl.java:210)
at lib.selenium.WebDriverServiceImpl.acceptAlert(WebDriverServiceImpl.java:210)
at lib.selenium.WebDriverServiceImpl.acceptAlert(WebDriverServiceImpl.java:210)
at lib.selenium.WebDriverServiceImpl.acceptAlert(WebDriverServiceImpl.java:210)
at lib.selenium.WebDriverServiceImpl.acceptAlert(WebDriverServiceImpl.java:210)
at lib.selenium.WebDriverServiceImpl.acceptAlert(WebDriverServiceImpl.java:210)
at lib.selenium.WebDriverServiceImpl.acceptAlert(WebDriverServiceImpl.java:210)
at lib.selenium.WebDriverServiceImpl.acceptAlert(WebDriverServiceImpl.java:210)
at lib.selenium.WebDriverServiceImpl.acceptAlert(WebDriverServiceImpl.java:210)
at lib.selenium.WebDriverServiceImpl.acceptAlert(WebDriverServiceImpl.java:210)
at lib.selenium.WebDriverServiceImpl.acceptAlert(WebDriverServiceImpl.java:210)
at lib.selenium.WebDriverServiceImpl.acceptAlert(WebDriverServiceImpl.java:210)
at lib.selenium.WebDriverServiceImpl.acceptAlert(WebDriverServiceImpl.java:210)
at lib.selenium.WebDriverServiceImpl.acceptAlert(WebDriverServiceImpl.java:210)
at lib.selenium.WebDriverServiceImpl.acceptAlert(WebDriverServiceImpl.java:210)
at lib.selenium.WebDriverServiceImpl.acceptAlert(WebDriverServiceImpl.java:210)
at lib.selenium.WebDriverServiceImpl.acceptAlert(WebDriverServiceImpl.java:210)
at lib.selenium.WebDriverServiceImpl.acceptAlert(WebDriverServiceImpl.java:210)
at lib.selenium.WebDriverServiceImpl.acceptAlert(WebDriverServiceImpl.java:210)
at lib.selenium.WebDriverServiceImpl.acceptAlert(WebDriverServiceImpl.java:210)
at lib.selenium.WebDriverServiceImpl.acceptAlert(WebDriverServiceImpl.java:210)
at lib.selenium.WebDriverServiceImpl.acceptAlert(WebDriverServiceImpl.java:210)
at lib.selenium.WebDriverServiceImpl.acceptAlert(WebDriverServiceImpl.java:210)
at lib.selenium.WebDriverServiceImpl.acceptAlert(WebDriverServiceImpl.java:210)
at lib.selenium.WebDriverServiceImpl.acceptAlert(WebDriverServiceImpl.java:210)
at lib.selenium.WebDriverServiceImpl.acceptAlert(WebDriverServiceImpl.java:210)
at lib.selenium.WebDriverServiceImpl.acceptAlert(WebDriverServiceImpl.java:210)
at lib.selenium.WebDriverServiceImpl.acceptAlert(WebDriverServiceImpl.java:210)
at lib.selenium.WebDriverServiceImpl.acceptAlert(WebDriverServiceImpl.java:210)
at lib.selenium.WebDriverServiceImpl.acceptAlert(WebDriverServiceImpl.java:210)
at lib.selenium.WebDriverServiceImpl.acceptAlert(WebDriverServiceImpl.java:210)
at lib.selenium.WebDriverServiceImpl.acceptAlert(WebDriverServiceImpl.java:210)
at lib.selenium.WebDriverServiceImpl.acceptAlert(WebDriverServiceImpl.java:210)
at lib.selenium.WebDriverServiceImpl.acceptAlert(WebDriverServiceImpl.java:210)
at lib.selenium.WebDriverServiceImpl.acceptAlert(WebDriverServiceImpl.java:210)
at lib.selenium.WebDriverServiceImpl.acceptAlert(WebDriverServiceImpl.java:210)
at lib.selenium.WebDriverServiceImpl.acceptAlert(WebDriverServiceImpl.java:210)
at lib.selenium.WebDriverServiceImpl.acceptAlert(WebDriverServiceImpl.java:210)
at lib.selenium.WebDriverServiceImpl.acceptAlert(WebDriverServiceImpl.java:210)
at lib.selenium.WebDriverServiceImpl.acceptAlert(WebDriverServiceImpl.java:210)
at lib.selenium.WebDriverServiceImpl.acceptAlert(WebDriverServiceImpl.java:210)
at lib.selenium.WebDriverServiceImpl.acceptAlert(WebDriverServiceImpl.java:210)
at lib.selenium.WebDriverServiceImpl.acceptAlert(WebDriverServiceImpl.java:210)
at lib.selenium.WebDriverServiceImpl.acceptAlert(WebDriverServiceImpl.java:210)
at lib.selenium.WebDriverServiceImpl.acceptAlert(WebDriverServiceImpl.java:210)
at lib.selenium.WebDriverServiceImpl.acceptAlert(WebDriverServiceImpl.java:210)
at lib.selenium.WebDriverServiceImpl.acceptAlert(WebDriverServiceImpl.java:210)
at lib.selenium.WebDriverServiceImpl.acceptAlert(WebDriverServiceImpl.java:210)
at lib.selenium.WebDriverServiceImpl.acceptAlert(WebDriverServiceImpl.java:210)
at lib.selenium.WebDriverServiceImpl.acceptAlert(WebDriverServiceImpl.java:210)
at lib.selenium.WebDriverServiceImpl.acceptAlert(WebDriverServiceImpl.java:210)
at lib.selenium.WebDriverServiceImpl.acceptAlert(WebDriverServiceImpl.java:210)
at lib.selenium.WebDriverServiceImpl.acceptAlert(WebDriverServiceImpl.java:210)
at lib.selenium.WebDriverServiceImpl.acceptAlert(WebDriverServiceImpl.java:210)
at lib.selenium.WebDriverServiceImpl.acceptAlert(WebDriverServiceImpl.java:210)
at lib.selenium.WebDriverServiceImpl.acceptAlert(WebDriverServiceImpl.java:210)
at lib.selenium.WebDriverServiceImpl.acceptAlert(WebDriverServiceImpl.java:210)
at lib.selenium.WebDriverServiceImpl.acceptAlert(WebDriverServiceImpl.java:210)
at lib.selenium.WebDriverServiceImpl.acceptAlert(WebDriverServiceImpl.java:210)
at lib.selenium.WebDriverServiceImpl.acceptAlert(WebDriverServiceImpl.java:210)
at lib.selenium.WebDriverServiceImpl.acceptAlert(WebDriverServiceImpl.java:210)
at lib.selenium.WebDriverServiceImpl.acceptAlert(WebDriverServiceImpl.java:210)
at lib.selenium.WebDriverServiceImpl.acceptAlert(WebDriverServiceImpl.java:210)
at lib.selenium.WebDriverServiceImpl.acceptAlert(WebDriverServiceImpl.java:210)
at lib.selenium.WebDriverServiceImpl.acceptAlert(WebDriverServiceImpl.java:210)
at lib.selenium.WebDriverServiceImpl.acceptAlert(WebDriverServiceImpl.java:210)
at lib.selenium.WebDriverServiceImpl.acceptAlert(WebDriverServiceImpl.java:210)
at lib.selenium.WebDriverServiceImpl.acceptAlert(WebDriverServiceImpl.java:210)
at lib.selenium.WebDriverServiceImpl.acceptAlert(WebDriverServiceImpl.java:210)
at lib.selenium.WebDriverServiceImpl.acceptAlert(WebDriverServiceImpl.java:210)
at lib.selenium.WebDriverServiceImpl.acceptAlert(WebDriverServiceImpl.java:210)
at lib.selenium.WebDriverServiceImpl.acceptAlert(WebDriverServiceImpl.java:210)
at lib.selenium.WebDriverServiceImpl.acceptAlert(WebDriverServiceImpl.java:210)
at lib.selenium.WebDriverServiceImpl.acceptAlert(WebDriverServiceImpl.java:210)
at lib.selenium.WebDriverServiceImpl.acceptAlert(WebDriverServiceImpl.java:210)
at lib.selenium.WebDriverServiceImpl.acceptAlert(WebDriverServiceImpl.java:210)
at lib.selenium.WebDriverServiceImpl.acceptAlert(WebDriverServiceImpl.java:210)
at lib.selenium.WebDriverServiceImpl.acceptAlert(WebDriverServiceImpl.java:210)
at lib.selenium.WebDriverServiceImpl.acceptAlert(WebDriverServiceImpl.java:210)
at lib.selenium.WebDriverServiceImpl.acceptAlert(WebDriverServiceImpl.java:210)
at lib.selenium.WebDriverServiceImpl.acceptAlert(WebDriverServiceImpl.java:210)
at lib.selenium.WebDriverServiceImpl.acceptAlert(WebDriverServiceImpl.java:210)
at lib.selenium.WebDriverServiceImpl.acceptAlert(WebDriverServiceImpl.java:210)
at lib.selenium.WebDriverServiceImpl.acceptAlert(WebDriverServiceImpl.java:210)
at lib.selenium.WebDriverServiceImpl.acceptAlert(WebDriverServiceImpl.java:210)
at lib.selenium.WebDriverServiceImpl.acceptAlert(WebDriverServiceImpl.java:210)
at lib.selenium.WebDriverServiceImpl.acceptAlert(WebDriverServiceImpl.java:210)
at lib.selenium.WebDriverServiceImpl.acceptAlert(WebDriverServiceImpl.java:210)
at lib.selenium.WebDriverServiceImpl.acceptAlert(WebDriverServiceImpl.java:210)
at lib.selenium.WebDriverServiceImpl.acceptAlert(WebDriverServiceImpl.java:210)
at lib.selenium.WebDriverServiceImpl.acceptAlert(WebDriverServiceImpl.java:210)
at lib.selenium.WebDriverServiceImpl.acceptAlert(WebDriverServiceImpl.java:210)
at lib.selenium.WebDriverServiceImpl.acceptAlert(WebDriverServiceImpl.java:210)
at lib.selenium.WebDriverServiceImpl.acceptAlert(WebDriverServiceImpl.java:210)
at lib.selenium.WebDriverServiceImpl.acceptAlert(WebDriverServiceImpl.java:210)
at lib.selenium.WebDriverServiceImpl.acceptAlert(WebDriverServiceImpl.java:210)
at lib.selenium.WebDriverServiceImpl.acceptAlert(WebDriverServiceImpl.java:210)
at lib.selenium.WebDriverServiceImpl.acceptAlert(WebDriverServiceImpl.java:210)
at lib.selenium.WebDriverServiceImpl.acceptAlert(WebDriverServiceImpl.java:210)
at lib.selenium.WebDriverServiceImpl.acceptAlert(WebDriverServiceImpl.java:210)
at lib.selenium.WebDriverServiceImpl.acceptAlert(WebDriverServiceImpl.java:210)
at lib.selenium.WebDriverServiceImpl.acceptAlert(WebDriverServiceImpl.java:210)
at lib.selenium.WebDriverServiceImpl.acceptAlert(WebDriverServiceImpl.java:210)
at lib.selenium.WebDriverServiceImpl.acceptAlert(WebDriverServiceImpl.java:210)
at lib.selenium.WebDriverServiceImpl.acceptAlert(WebDriverServiceImpl.java:210)
at lib.selenium.WebDriverServiceImpl.acceptAlert(WebDriverServiceImpl.java:210)
at lib.selenium.WebDriverServiceImpl.acceptAlert(WebDriverServiceImpl.java:210)
at lib.selenium.WebDriverServiceImpl.acceptAlert(WebDriverServiceImpl.java:210)
at lib.selenium.WebDriverServiceImpl.acceptAlert(WebDriverServiceImpl.java:210)
at lib.selenium.WebDriverServiceImpl.acceptAlert(WebDriverServiceImpl.java:210)
at lib.selenium.WebDriverServiceImpl.acceptAlert(WebDriverServiceImpl.java:210)
at lib.selenium.WebDriverServiceImpl.acceptAlert(WebDriverServiceImpl.java:210)
at lib.selenium.WebDriverServiceImpl.acceptAlert(WebDriverServiceImpl.java:210)
at lib.selenium.WebDriverServiceImpl.acceptAlert(WebDriverServiceImpl.java:210)
at lib.selenium.WebDriverServiceImpl.acceptAlert(WebDriverServiceImpl.java:210)
at lib.selenium.WebDriverServiceImpl.acceptAlert(WebDriverServiceImpl.java:210)
at lib.selenium.WebDriverServiceImpl.acceptAlert(WebDriverServiceImpl.java:210)
at lib.selenium.WebDriverServiceImpl.acceptAlert(WebDriverServiceImpl.java:210)
at lib.selenium.WebDriverServiceImpl.acceptAlert(WebDriverServiceImpl.java:210)
at lib.selenium.WebDriverServiceImpl.acceptAlert(WebDriverServiceImpl.java:210)
at lib.selenium.WebDriverServiceImpl.acceptAlert(WebDriverServiceImpl.java:210)
at lib.selenium.WebDriverServiceImpl.acceptAlert(WebDriverServiceImpl.java:210)
at lib.selenium.WebDriverServiceImpl.acceptAlert(WebDriverServiceImpl.java:210)
at lib.selenium.WebDriverServiceImpl.acceptAlert(WebDriverServiceImpl.java:210)
at lib.selenium.WebDriverServiceImpl.acceptAlert(WebDriverServiceImpl.java:210)
at lib.selenium.WebDriverServiceImpl.acceptAlert(WebDriverServiceImpl.java:210)
at lib.selenium.WebDriverServiceImpl.acceptAlert(WebDriverServiceImpl.java:210)
at lib.selenium.WebDriverServiceImpl.acceptAlert(WebDriverServiceImpl.java:210)
at lib.selenium.WebDriverServiceImpl.acceptAlert(WebDriverServiceImpl.java:210)
at lib.selenium.WebDriverServiceImpl.acceptAlert(WebDriverServiceImpl.java:210)
at lib.selenium.WebDriverServiceImpl.acceptAlert(WebDriverServiceImpl.java:210)
at lib.selenium.WebDriverServiceImpl.acceptAlert(WebDriverServiceImpl.java:210)
at lib.selenium.WebDriverServiceImpl.acceptAlert(WebDriverServiceImpl.java:210)
at lib.selenium.WebDriverServiceImpl.acceptAlert(WebDriverServiceImpl.java:210)
at lib.selenium.WebDriverServiceImpl.acceptAlert(WebDriverServiceImpl.java:210)
at lib.selenium.WebDriverServiceImpl.acceptAlert(WebDriverServiceImpl.java:210)
at lib.selenium.WebDriverServiceImpl.acceptAlert(WebDriverServiceImpl.java:210)
at lib.selenium.WebDriverServiceImpl.acceptAlert(WebDriverServiceImpl.java:210)
at lib.selenium.WebDriverServiceImpl.acceptAlert(WebDriverServiceImpl.java:210)
at lib.selenium.WebDriverServiceImpl.acceptAlert(WebDriverServiceImpl.java:210)
at lib.selenium.WebDriverServiceImpl.acceptAlert(WebDriverServiceImpl.java:210)
at lib.selenium.WebDriverServiceImpl.acceptAlert(WebDriverServiceImpl.java:210)
at lib.selenium.WebDriverServiceImpl.acceptAlert(WebDriverServiceImpl.java:210)
at lib.selenium.WebDriverServiceImpl.acceptAlert(WebDriverServiceImpl.java:210)
at lib.selenium.WebDriverServiceImpl.acceptAlert(WebDriverServiceImpl.java:210)
at lib.selenium.WebDriverServiceImpl.acceptAlert(WebDriverServiceImpl.java:210)
at lib.selenium.WebDriverServiceImpl.acceptAlert(WebDriverServiceImpl.java:210)
at lib.selenium.WebDriverServiceImpl.acceptAlert(WebDriverServiceImpl.java:210)
at lib.selenium.WebDriverServiceImpl.acceptAlert(WebDriverServiceImpl.java:210)
at lib.selenium.WebDriverServiceImpl.acceptAlert(WebDriverServiceImpl.java:210)
at lib.selenium.WebDriverServiceImpl.acceptAlert(WebDriverServiceImpl.java:210)
at lib.selenium.WebDriverServiceImpl.acceptAlert(WebDriverServiceImpl.java:210)
at lib.selenium.WebDriverServiceImpl.acceptAlert(WebDriverServiceImpl.java:210)
at lib.selenium.WebDriverServiceImpl.acceptAlert(WebDriverServiceImpl.java:210)
at lib.selenium.WebDriverServiceImpl.acceptAlert(WebDriverServiceImpl.java:210)
at lib.selenium.WebDriverServiceImpl.acceptAlert(WebDriverServiceImpl.java:210)
at lib.selenium.WebDriverServiceImpl.acceptAlert(WebDriverServiceImpl.java:210)
at lib.selenium.WebDriverServiceImpl.acceptAlert(WebDriverServiceImpl.java:210)
at lib.selenium.WebDriverServiceImpl.acceptAlert(WebDriverServiceImpl.java:210)
at lib.selenium.WebDriverServiceImpl.acceptAlert(WebDriverServiceImpl.java:210)
at lib.selenium.WebDriverServiceImpl.acceptAlert(WebDriverServiceImpl.java:210)
at lib.selenium.WebDriverServiceImpl.acceptAlert(WebDriverServiceImpl.java:210)
at lib.selenium.WebDriverServiceImpl.acceptAlert(WebDriverServiceImpl.java:210)
at lib.selenium.WebDriverServiceImpl.acceptAlert(WebDriverServiceImpl.java:210)
at lib.selenium.WebDriverServiceImpl.acceptAlert(WebDriverServiceImpl.java:210)
at lib.selenium.WebDriverServiceImpl.acceptAlert(WebDriverServiceImpl.java:210)
at lib.selenium.WebDriverServiceImpl.acceptAlert(WebDriverServiceImpl.java:210)
at lib.selenium.WebDriverServiceImpl.acceptAlert(WebDriverServiceImpl.java:210)
at lib.selenium.WebDriverServiceImpl.acceptAlert(WebDriverServiceImpl.java:210)
at lib.selenium.WebDriverServiceImpl.acceptAlert(WebDriverServiceImpl.java:210)
at lib.selenium.WebDriverServiceImpl.acceptAlert(WebDriverServiceImpl.java:210)
at lib.selenium.WebDriverServiceImpl.acceptAlert(WebDriverServiceImpl.java:210)
at lib.selenium.WebDriverServiceImpl.acceptAlert(WebDriverServiceImpl.java:210)
at lib.selenium.WebDriverServiceImpl.acceptAlert(WebDriverServiceImpl.java:210)
at lib.selenium.WebDriverServiceImpl.acceptAlert(WebDriverServiceImpl.java:210)
at lib.selenium.WebDriverServiceImpl.acceptAlert(WebDriverServiceImpl.java:210)
at lib.selenium.WebDriverServiceImpl.acceptAlert(WebDriverServiceImpl.java:210)
at lib.selenium.WebDriverServiceImpl.acceptAlert(WebDriverServiceImpl.java:210)
at lib.selenium.WebDriverServiceImpl.acceptAlert(WebDriverServiceImpl.java:210)
at lib.selenium.WebDriverServiceImpl.acceptAlert(WebDriverServiceImpl.java:210)
at lib.selenium.WebDriverServiceImpl.acceptAlert(WebDriverServiceImpl.java:210)
at lib.selenium.WebDriverServiceImpl.acceptAlert(WebDriverServiceImpl.java:210)
at lib.selenium.WebDriverServiceImpl.acceptAlert(WebDriverServiceImpl.java:210)
at lib.selenium.WebDriverServiceImpl.acceptAlert(WebDriverServiceImpl.java:210)
at lib.selenium.WebDriverServiceImpl.acceptAlert(WebDriverServiceImpl.java:210)
at lib.selenium.WebDriverServiceImpl.acceptAlert(WebDriverServiceImpl.java:210)
at lib.selenium.WebDriverServiceImpl.acceptAlert(WebDriverServiceImpl.java:210)
at lib.selenium.WebDriverServiceImpl.acceptAlert(WebDriverServiceImpl.java:210)
at lib.selenium.WebDriverServiceImpl.acceptAlert(WebDriverServiceImpl.java:210)
at lib.selenium.WebDriverServiceImpl.acceptAlert(WebDriverServiceImpl.java:210)
at lib.selenium.WebDriverServiceImpl.acceptAlert(WebDriverServiceImpl.java:210)
at lib.selenium.WebDriverServiceImpl.acceptAlert(WebDriverServiceImpl.java:210)
at lib.selenium.WebDriverServiceImpl.acceptAlert(WebDriverServiceImpl.java:210)
at lib.selenium.WebDriverServiceImpl.acceptAlert(WebDriverServiceImpl.java:210)
at lib.selenium.WebDriverServiceImpl.acceptAlert(WebDriverServiceImpl.java:210)
at lib.selenium.WebDriverServiceImpl.acceptAlert(WebDriverServiceImpl.java:210)
at lib.selenium.WebDriverServiceImpl.acceptAlert(WebDriverServiceImpl.java:210)
at lib.selenium.WebDriverServiceImpl.acceptAlert(WebDriverServiceImpl.java:210)
at lib.selenium.WebDriverServiceImpl.acceptAlert(WebDriverServiceImpl.java:210)
at lib.selenium.WebDriverServiceImpl.acceptAlert(WebDriverServiceImpl.java:210)
at lib.selenium.WebDriverServiceImpl.acceptAlert(WebDriverServiceImpl.java:210)
at lib.selenium.WebDriverServiceImpl.acceptAlert(WebDriverServiceImpl.java:210)
at lib.selenium.WebDriverServiceImpl.acceptAlert(WebDriverServiceImpl.java:210)
at lib.selenium.WebDriverServiceImpl.acceptAlert(WebDriverServiceImpl.java:210)
at lib.selenium.WebDriverServiceImpl.acceptAlert(WebDriverServiceImpl.java:210)
at lib.selenium.WebDriverServiceImpl.acceptAlert(WebDriverServiceImpl.java:210)
at lib.selenium.WebDriverServiceImpl.acceptAlert(WebDriverServiceImpl.java:210)
at lib.selenium.WebDriverServiceImpl.acceptAlert(WebDriverServiceImpl.java:210)
at lib.selenium.WebDriverServiceImpl.acceptAlert(WebDriverServiceImpl.java:210)
at lib.selenium.WebDriverServiceImpl.acceptAlert(WebDriverServiceImpl.java:210)
at lib.selenium.WebDriverServiceImpl.acceptAlert(WebDriverServiceImpl.java:210)
at lib.selenium.WebDriverServiceImpl.acceptAlert(WebDriverServiceImpl.java:210)
at lib.selenium.WebDriverServiceImpl.acceptAlert(WebDriverServiceImpl.java:210)
at lib.selenium.WebDriverServiceImpl.acceptAlert(WebDriverServiceImpl.java:210)
at lib.selenium.WebDriverServiceImpl.acceptAlert(WebDriverServiceImpl.java:210)
at lib.selenium.WebDriverServiceImpl.acceptAlert(WebDriverServiceImpl.java:210)
at lib.selenium.WebDriverServiceImpl.acceptAlert(WebDriverServiceImpl.java:210)
at lib.selenium.WebDriverServiceImpl.acceptAlert(WebDriverServiceImpl.java:210)
at lib.selenium.WebDriverServiceImpl.acceptAlert(WebDriverServiceImpl.java:210)
at lib.selenium.WebDriverServiceImpl.acceptAlert(WebDriverServiceImpl.java:210)
at lib.selenium.WebDriverServiceImpl.acceptAlert(WebDriverServiceImpl.java:210)
at lib.selenium.WebDriverServiceImpl.acceptAlert(WebDriverServiceImpl.java:210)
at lib.selenium.WebDriverServiceImpl.acceptAlert(WebDriverServiceImpl.java:210)
at lib.selenium.WebDriverServiceImpl.acceptAlert(WebDriverServiceImpl.java:210)
at lib.selenium.WebDriverServiceImpl.acceptAlert(WebDriverServiceImpl.java:210)
at lib.selenium.WebDriverServiceImpl.acceptAlert(WebDriverServiceImpl.java:210)
at lib.selenium.WebDriverServiceImpl.acceptAlert(WebDriverServiceImpl.java:210)
at lib.selenium.WebDriverServiceImpl.acceptAlert(WebDriverServiceImpl.java:210)
at lib.selenium.WebDriverServiceImpl.acceptAlert(WebDriverServiceImpl.java:210)
at lib.selenium.WebDriverServiceImpl.acceptAlert(WebDriverServiceImpl.java:210)
at lib.selenium.WebDriverServiceImpl.acceptAlert(WebDriverServiceImpl.java:210)
at lib.selenium.WebDriverServiceImpl.acceptAlert(WebDriverServiceImpl.java:210)
at lib.selenium.WebDriverServiceImpl.acceptAlert(WebDriverServiceImpl.java:210)
at lib.selenium.WebDriverServiceImpl.acceptAlert(WebDriverServiceImpl.java:210)
at lib.selenium.WebDriverServiceImpl.acceptAlert(WebDriverServiceImpl.java:210)
at lib.selenium.WebDriverServiceImpl.acceptAlert(WebDriverServiceImpl.java:210)
at lib.selenium.WebDriverServiceImpl.acceptAlert(WebDriverServiceImpl.java:210)
at lib.selenium.WebDriverServiceImpl.acceptAlert(WebDriverServiceImpl.java:210)
at lib.selenium.WebDriverServiceImpl.acceptAlert(WebDriverServiceImpl.java:210)
at lib.selenium.WebDriverServiceImpl.acceptAlert(WebDriverServiceImpl.java:210)
at lib.selenium.WebDriverServiceImpl.acceptAlert(WebDriverServiceImpl.java:210)
at lib.selenium.WebDriverServiceImpl.acceptAlert(WebDriverServiceImpl.java:210)
at lib.selenium.WebDriverServiceImpl.acceptAlert(WebDriverServiceImpl.java:210)
at lib.selenium.WebDriverServiceImpl.acceptAlert(WebDriverServiceImpl.java:210)
at lib.selenium.WebDriverServiceImpl.acceptAlert(WebDriverServiceImpl.java:210)
at lib.selenium.WebDriverServiceImpl.acceptAlert(WebDriverServiceImpl.java:210)
at lib.selenium.WebDriverServiceImpl.acceptAlert(WebDriverServiceImpl.java:210)
at lib.selenium.WebDriverServiceImpl.acceptAlert(WebDriverServiceImpl.java:210)
at lib.selenium.WebDriverServiceImpl.acceptAlert(WebDriverServiceImpl.java:210)
at lib.selenium.WebDriverServiceImpl.acceptAlert(WebDriverServiceImpl.java:210)
at lib.selenium.WebDriverServiceImpl.acceptAlert(WebDriverServiceImpl.java:210)
at lib.selenium.WebDriverServiceImpl.acceptAlert(WebDriverServiceImpl.java:210)
at lib.selenium.WebDriverServiceImpl.acceptAlert(WebDriverServiceImpl.java:210)
at lib.selenium.WebDriverServiceImpl.acceptAlert(WebDriverServiceImpl.java:210)
at lib.selenium.WebDriverServiceImpl.acceptAlert(WebDriverServiceImpl.java:210)
at lib.selenium.WebDriverServiceImpl.acceptAlert(WebDriverServiceImpl.java:210)
at lib.selenium.WebDriverServiceImpl.acceptAlert(WebDriverServiceImpl.java:210)
at lib.selenium.WebDriverServiceImpl.acceptAlert(WebDriverServiceImpl.java:210)
at lib.selenium.WebDriverServiceImpl.acceptAlert(WebDriverServiceImpl.java:210)
at lib.selenium.WebDriverServiceImpl.acceptAlert(WebDriverServiceImpl.java:210)
at lib.selenium.WebDriverServiceImpl.acceptAlert(WebDriverServiceImpl.java:210)
at lib.selenium.WebDriverServiceImpl.acceptAlert(WebDriverServiceImpl.java:210)
at lib.selenium.WebDriverServiceImpl.acceptAlert(WebDriverServiceImpl.java:210)
at lib.selenium.WebDriverServiceImpl.acceptAlert(WebDriverServiceImpl.java:210)
at lib.selenium.WebDriverServiceImpl.acceptAlert(WebDriverServiceImpl.java:210)
at lib.selenium.WebDriverServiceImpl.acceptAlert(WebDriverServiceImpl.java:210)
at lib.selenium.WebDriverServiceImpl.acceptAlert(WebDriverServiceImpl.java:210)
at lib.selenium.WebDriverServiceImpl.acceptAlert(WebDriverServiceImpl.java:210)
at lib.selenium.WebDriverServiceImpl.acceptAlert(WebDriverServiceImpl.java:210)
at lib.selenium.WebDriverServiceImpl.acceptAlert(WebDriverServiceImpl.java:210)
at lib.selenium.WebDriverServiceImpl.acceptAlert(WebDriverServiceImpl.java:210)
at lib.selenium.WebDriverServiceImpl.acceptAlert(WebDriverServiceImpl.java:210)
at lib.selenium.WebDriverServiceImpl.acceptAlert(WebDriverServiceImpl.java:210)
at lib.selenium.WebDriverServiceImpl.acceptAlert(WebDriverServiceImpl.java:210)
at lib.selenium.WebDriverServiceImpl.acceptAlert(WebDriverServiceImpl.java:210)
at lib.selenium.WebDriverServiceImpl.acceptAlert(WebDriverServiceImpl.java:210)
at lib.selenium.WebDriverServiceImpl.acceptAlert(WebDriverServiceImpl.java:210)
at lib.selenium.WebDriverServiceImpl.acceptAlert(WebDriverServiceImpl.java:210)
at lib.selenium.WebDriverServiceImpl.acceptAlert(WebDriverServiceImpl.java:210)
at lib.selenium.WebDriverServiceImpl.acceptAlert(WebDriverServiceImpl.java:210)
at lib.selenium.WebDriverServiceImpl.acceptAlert(WebDriverServiceImpl.java:210)
at lib.selenium.WebDriverServiceImpl.acceptAlert(WebDriverServiceImpl.java:210)
at lib.selenium.WebDriverServiceImpl.acceptAlert(WebDriverServiceImpl.java:210)
at lib.selenium.WebDriverServiceImpl.acceptAlert(WebDriverServiceImpl.java:210)
at lib.selenium.WebDriverServiceImpl.acceptAlert(WebDriverServiceImpl.java:210)
at lib.selenium.WebDriverServiceImpl.acceptAlert(WebDriverServiceImpl.java:210)
at lib.selenium.WebDriverServiceImpl.acceptAlert(WebDriverServiceImpl.java:210)
at lib.selenium.WebDriverServiceImpl.acceptAlert(WebDriverServiceImpl.java:210)
at lib.selenium.WebDriverServiceImpl.acceptAlert(WebDriverServiceImpl.java:210)
at lib.selenium.WebDriverServiceImpl.acceptAlert(WebDriverServiceImpl.java:210)
at lib.selenium.WebDriverServiceImpl.acceptAlert(WebDriverServiceImpl.java:210)
at lib.selenium.WebDriverServiceImpl.acceptAlert(WebDriverServiceImpl.java:210)
at lib.selenium.WebDriverServiceImpl.acceptAlert(WebDriverServiceImpl.java:210)
at lib.selenium.WebDriverServiceImpl.acceptAlert(WebDriverServiceImpl.java:210)
at lib.selenium.WebDriverServiceImpl.acceptAlert(WebDriverServiceImpl.java:210)
at lib.selenium.WebDriverServiceImpl.acceptAlert(WebDriverServiceImpl.java:210)
at lib.selenium.WebDriverServiceImpl.acceptAlert(WebDriverServiceImpl.java:210)
at lib.selenium.WebDriverServiceImpl.acceptAlert(WebDriverServiceImpl.java:210)
at lib.selenium.WebDriverServiceImpl.acceptAlert(WebDriverServiceImpl.java:210)
at lib.selenium.WebDriverServiceImpl.acceptAlert(WebDriverServiceImpl.java:210)
at lib.selenium.WebDriverServiceImpl.acceptAlert(WebDriverServiceImpl.java:210)
at lib.selenium.WebDriverServiceImpl.acceptAlert(WebDriverServiceImpl.java:210)
at lib.selenium.WebDriverServiceImpl.acceptAlert(WebDriverServiceImpl.java:210)
at lib.selenium.WebDriverServiceImpl.acceptAlert(WebDriverServiceImpl.java:210)
at lib.selenium.WebDriverServiceImpl.acceptAlert(WebDriverServiceImpl.java:210)
at lib.selenium.WebDriverServiceImpl.acceptAlert(WebDriverServiceImpl.java:210)
at lib.selenium.WebDriverServiceImpl.acceptAlert(WebDriverServiceImpl.java:210)
at lib.selenium.WebDriverServiceImpl.acceptAlert(WebDriverServiceImpl.java:210)
at lib.selenium.WebDriverServiceImpl.acceptAlert(WebDriverServiceImpl.java:210)
at lib.selenium.WebDriverServiceImpl.acceptAlert(WebDriverServiceImpl.java:210)
at lib.selenium.WebDriverServiceImpl.acceptAlert(WebDriverServiceImpl.java:210)
at lib.selenium.WebDriverServiceImpl.acceptAlert(WebDriverServiceImpl.java:210)
at lib.selenium.WebDriverServiceImpl.acceptAlert(WebDriverServiceImpl.java:210)
at lib.selenium.WebDriverServiceImpl.acceptAlert(WebDriverServiceImpl.java:210)
at lib.selenium.WebDriverServiceImpl.acceptAlert(WebDriverServiceImpl.java:210)
at lib.selenium.WebDriverServiceImpl.acceptAlert(WebDriverServiceImpl.java:210)
at lib.selenium.WebDriverServiceImpl.acceptAlert(WebDriverServiceImpl.java:210)
at lib.selenium.WebDriverServiceImpl.acceptAlert(WebDriverServiceImpl.java:210)
at lib.selenium.WebDriverServiceImpl.acceptAlert(WebDriverServiceImpl.java:210)
at lib.selenium.WebDriverServiceImpl.acceptAlert(WebDriverServiceImpl.java:210)
at lib.selenium.WebDriverServiceImpl.acceptAlert(WebDriverServiceImpl.java:210)
at lib.selenium.WebDriverServiceImpl.acceptAlert(WebDriverServiceImpl.java:210)
at lib.selenium.WebDriverServiceImpl.acceptAlert(WebDriverServiceImpl.java:210)
at lib.selenium.WebDriverServiceImpl.acceptAlert(WebDriverServiceImpl.java:210)
at lib.selenium.WebDriverServiceImpl.acceptAlert(WebDriverServiceImpl.java:210)
at lib.selenium.WebDriverServiceImpl.acceptAlert(WebDriverServiceImpl.java:210)
at lib.selenium.WebDriverServiceImpl.acceptAlert(WebDriverServiceImpl.java:210)
at lib.selenium.WebDriverServiceImpl.acceptAlert(WebDriverServiceImpl.java:210)
at lib.selenium.WebDriverServiceImpl.acceptAlert(WebDriverServiceImpl.java:210)
at lib.selenium.WebDriverServiceImpl.acceptAlert(WebDriverServiceImpl.java:210)
at lib.selenium.WebDriverServiceImpl.acceptAlert(WebDriverServiceImpl.java:210)
at lib.selenium.WebDriverServiceImpl.acceptAlert(WebDriverServiceImpl.java:210)
at lib.selenium.WebDriverServiceImpl.acceptAlert(WebDriverServiceImpl.java:210)
at lib.selenium.WebDriverServiceImpl.acceptAlert(WebDriverServiceImpl.java:210)
at lib.selenium.WebDriverServiceImpl.acceptAlert(WebDriverServiceImpl.java:210)
at lib.selenium.WebDriverServiceImpl.acceptAlert(WebDriverServiceImpl.java:210)
at lib.selenium.WebDriverServiceImpl.acceptAlert(WebDriverServiceImpl.java:210)
at lib.selenium.WebDriverServiceImpl.acceptAlert(WebDriverServiceImpl.java:210)
at lib.selenium.WebDriverServiceImpl.acceptAlert(WebDriverServiceImpl.java:210)
at lib.selenium.WebDriverServiceImpl.acceptAlert(WebDriverServiceImpl.java:210)
at lib.selenium.WebDriverServiceImpl.acceptAlert(WebDriverServiceImpl.java:210)
at lib.selenium.WebDriverServiceImpl.acceptAlert(WebDriverServiceImpl.java:210)
at lib.selenium.WebDriverServiceImpl.acceptAlert(WebDriverServiceImpl.java:210)
at lib.selenium.WebDriverServiceImpl.acceptAlert(WebDriverServiceImpl.java:210)
at lib.selenium.WebDriverServiceImpl.acceptAlert(WebDriverServiceImpl.java:210)
at lib.selenium.WebDriverServiceImpl.acceptAlert(WebDriverServiceImpl.java:210)
at lib.selenium.WebDriverServiceImpl.acceptAlert(WebDriverServiceImpl.java:210)
at lib.selenium.WebDriverServiceImpl.acceptAlert(WebDriverServiceImpl.java:210)
at lib.selenium.WebDriverServiceImpl.acceptAlert(WebDriverServiceImpl.java:210)
at lib.selenium.WebDriverServiceImpl.acceptAlert(WebDriverServiceImpl.java:210)
at lib.selenium.WebDriverServiceImpl.acceptAlert(WebDriverServiceImpl.java:210)
at lib.selenium.WebDriverServiceImpl.acceptAlert(WebDriverServiceImpl.java:210)
at lib.selenium.WebDriverServiceImpl.acceptAlert(WebDriverServiceImpl.java:210)
at lib.selenium.WebDriverServiceImpl.acceptAlert(WebDriverServiceImpl.java:210)
at lib.selenium.WebDriverServiceImpl.acceptAlert(WebDriverServiceImpl.java:210)
at lib.selenium.WebDriverServiceImpl.acceptAlert(WebDriverServiceImpl.java:210)
at lib.selenium.WebDriverServiceImpl.acceptAlert(WebDriverServiceImpl.java:210)
at lib.selenium.WebDriverServiceImpl.acceptAlert(WebDriverServiceImpl.java:210)
at lib.selenium.WebDriverServiceImpl.acceptAlert(WebDriverServiceImpl.java:210)
at lib.selenium.WebDriverServiceImpl.acceptAlert(WebDriverServiceImpl.java:210)
at lib.selenium.WebDriverServiceImpl.acceptAlert(WebDriverServiceImpl.java:210)
at lib.selenium.WebDriverServiceImpl.acceptAlert(WebDriverServiceImpl.java:210)
at lib.selenium.WebDriverServiceImpl.acceptAlert(WebDriverServiceImpl.java:210)
at lib.selenium.WebDriverServiceImpl.acceptAlert(WebDriverServiceImpl.java:210)
at lib.selenium.WebDriverServiceImpl.acceptAlert(WebDriverServiceImpl.java:210)
at lib.selenium.WebDriverServiceImpl.acceptAlert(WebDriverServiceImpl.java:210)
at lib.selenium.WebDriverServiceImpl.acceptAlert(WebDriverServiceImpl.java:210)
at lib.selenium.WebDriverServiceImpl.acceptAlert(WebDriverServiceImpl.java:210)
at lib.selenium.WebDriverServiceImpl.acceptAlert(WebDriverServiceImpl.java:210)
at lib.selenium.WebDriverServiceImpl.acceptAlert(WebDriverServiceImpl.java:210)
at lib.selenium.WebDriverServiceImpl.acceptAlert(WebDriverServiceImpl.java:210)
at lib.selenium.WebDriverServiceImpl.acceptAlert(WebDriverServiceImpl.java:210)
at lib.selenium.WebDriverServiceImpl.acceptAlert(WebDriverServiceImpl.java:210)
at lib.selenium.WebDriverServiceImpl.acceptAlert(WebDriverServiceImpl.java:210)
at lib.selenium.WebDriverServiceImpl.acceptAlert(WebDriverServiceImpl.java:210)
at lib.selenium.WebDriverServiceImpl.acceptAlert(WebDriverServiceImpl.java:210)
at lib.selenium.WebDriverServiceImpl.acceptAlert(WebDriverServiceImpl.java:210)
at lib.selenium.WebDriverServiceImpl.acceptAlert(WebDriverServiceImpl.java:210)
at lib.selenium.WebDriverServiceImpl.acceptAlert(WebDriverServiceImpl.java:210)
at lib.selenium.WebDriverServiceImpl.acceptAlert(WebDriverServiceImpl.java:210)
at lib.selenium.WebDriverServiceImpl.acceptAlert(WebDriverServiceImpl.java:210)
at lib.selenium.WebDriverServiceImpl.acceptAlert(WebDriverServiceImpl.java:210)
at lib.selenium.WebDriverServiceImpl.acceptAlert(WebDriverServiceImpl.java:210)
at lib.selenium.WebDriverServiceImpl.acceptAlert(WebDriverServiceImpl.java:210)
at lib.selenium.WebDriverServiceImpl.acceptAlert(WebDriverServiceImpl.java:210)
at lib.selenium.WebDriverServiceImpl.acceptAlert(WebDriverServiceImpl.java:210)
at lib.selenium.WebDriverServiceImpl.acceptAlert(WebDriverServiceImpl.java:210)
at lib.selenium.WebDriverServiceImpl.acceptAlert(WebDriverServiceImpl.java:210)
at lib.selenium.WebDriverServiceImpl.acceptAlert(WebDriverServiceImpl.java:210)
at lib.selenium.WebDriverServiceImpl.acceptAlert(WebDriverServiceImpl.java:210)
at lib.selenium.WebDriverServiceImpl.acceptAlert(WebDriverServiceImpl.java:210)
at lib.selenium.WebDriverServiceImpl.acceptAlert(WebDriverServiceImpl.java:210)
at lib.selenium.WebDriverServiceImpl.acceptAlert(WebDriverServiceImpl.java:210)
at lib.selenium.WebDriverServiceImpl.acceptAlert(WebDriverServiceImpl.java:210)
at lib.selenium.WebDriverServiceImpl.acceptAlert(WebDriverServiceImpl.java:210)
at lib.selenium.WebDriverServiceImpl.acceptAlert(WebDriverServiceImpl.java:210)
at lib.selenium.WebDriverServiceImpl.acceptAlert(WebDriverServiceImpl.java:210)
at lib.selenium.WebDriverServiceImpl.acceptAlert(WebDriverServiceImpl.java:210)
at lib.selenium.WebDriverServiceImpl.acceptAlert(WebDriverServiceImpl.java:210)
at lib.selenium.WebDriverServiceImpl.acceptAlert(WebDriverServiceImpl.java:210)
at lib.selenium.WebDriverServiceImpl.acceptAlert(WebDriverServiceImpl.java:210)
at lib.selenium.WebDriverServiceImpl.acceptAlert(WebDriverServiceImpl.java:210)
at lib.selenium.WebDriverServiceImpl.acceptAlert(WebDriverServiceImpl.java:210)
at lib.selenium.WebDriverServiceImpl.acceptAlert(WebDriverServiceImpl.java:210)
at lib.selenium.WebDriverServiceImpl.acceptAlert(WebDriverServiceImpl.java:210)
at lib.selenium.WebDriverServiceImpl.acceptAlert(WebDriverServiceImpl.java:210)
at lib.selenium.WebDriverServiceImpl.acceptAlert(WebDriverServiceImpl.java:210)
at lib.selenium.WebDriverServiceImpl.acceptAlert(WebDriverServiceImpl.java:210)
at lib.selenium.WebDriverServiceImpl.acceptAlert(WebDriverServiceImpl.java:210)
at lib.selenium.WebDriverServiceImpl.acceptAlert(WebDriverServiceImpl.java:210)
at lib.selenium.WebDriverServiceImpl.acceptAlert(WebDriverServiceImpl.java:210)
at lib.selenium.WebDriverServiceImpl.acceptAlert(WebDriverServiceImpl.java:210)
at lib.selenium.WebDriverServiceImpl.acceptAlert(WebDriverServiceImpl.java:210)
at lib.selenium.WebDriverServiceImpl.acceptAlert(WebDriverServiceImpl.java:210)
at lib.selenium.WebDriverServiceImpl.acceptAlert(WebDriverServiceImpl.java:210)
at lib.selenium.WebDriverServiceImpl.acceptAlert(WebDriverServiceImpl.java:210)
at lib.selenium.WebDriverServiceImpl.acceptAlert(WebDriverServiceImpl.java:210)
at lib.selenium.WebDriverServiceImpl.acceptAlert(WebDriverServiceImpl.java:210)
at lib.selenium.WebDriverServiceImpl.acceptAlert(WebDriverServiceImpl.java:210)
at lib.selenium.WebDriverServiceImpl.acceptAlert(WebDriverServiceImpl.java:210)
at lib.selenium.WebDriverServiceImpl.acceptAlert(WebDriverServiceImpl.java:210)
at lib.selenium.WebDriverServiceImpl.acceptAlert(WebDriverServiceImpl.java:210)
at lib.selenium.WebDriverServiceImpl.acceptAlert(WebDriverServiceImpl.java:210)
at lib.selenium.WebDriverServiceImpl.acceptAlert(WebDriverServiceImpl.java:210)
at lib.selenium.WebDriverServiceImpl.acceptAlert(WebDriverServiceImpl.java:210)
at lib.selenium.WebDriverServiceImpl.acceptAlert(WebDriverServiceImpl.java:210)
at lib.selenium.WebDriverServiceImpl.acceptAlert(WebDriverServiceImpl.java:210)
at lib.selenium.WebDriverServiceImpl.acceptAlert(WebDriverServiceImpl.java:210)
at lib.selenium.WebDriverServiceImpl.acceptAlert(WebDriverServiceImpl.java:210)
at lib.selenium.WebDriverServiceImpl.acceptAlert(WebDriverServiceImpl.java:210)
at lib.selenium.WebDriverServiceImpl.acceptAlert(WebDriverServiceImpl.java:210)
at lib.selenium.WebDriverServiceImpl.acceptAlert(WebDriverServiceImpl.java:210)
at lib.selenium.WebDriverServiceImpl.acceptAlert(WebDriverServiceImpl.java:210)
at lib.selenium.WebDriverServiceImpl.acceptAlert(WebDriverServiceImpl.java:210)
at lib.selenium.WebDriverServiceImpl.acceptAlert(WebDriverServiceImpl.java:210)
at lib.selenium.WebDriverServiceImpl.acceptAlert(WebDriverServiceImpl.java:210)
at lib.selenium.WebDriverServiceImpl.acceptAlert(WebDriverServiceImpl.java:210)
at lib.selenium.WebDriverServiceImpl.acceptAlert(WebDriverServiceImpl.java:210)
at lib.selenium.WebDriverServiceImpl.acceptAlert(WebDriverServiceImpl.java:210)
at lib.selenium.WebDriverServiceImpl.acceptAlert(WebDriverServiceImpl.java:210)
at lib.selenium.WebDriverServiceImpl.acceptAlert(WebDriverServiceImpl.java:210)
at lib.selenium.WebDriverServiceImpl.acceptAlert(WebDriverServiceImpl.java:210)
at lib.selenium.WebDriverServiceImpl.acceptAlert(WebDriverServiceImpl.java:210)
at lib.selenium.WebDriverServiceImpl.acceptAlert(WebDriverServiceImpl.java:210)
at lib.selenium.WebDriverServiceImpl.acceptAlert(WebDriverServiceImpl.java:210)
at lib.selenium.WebDriverServiceImpl.acceptAlert(WebDriverServiceImpl.java:210)
at lib.selenium.WebDriverServiceImpl.acceptAlert(WebDriverServiceImpl.java:210)
at lib.selenium.WebDriverServiceImpl.acceptAlert(WebDriverServiceImpl.java:210)
at lib.selenium.WebDriverServiceImpl.acceptAlert(WebDriverServiceImpl.java:210)
at lib.selenium.WebDriverServiceImpl.acceptAlert(WebDriverServiceImpl.java:210)
at lib.selenium.WebDriverServiceImpl.acceptAlert(WebDriverServiceImpl.java:210)
at lib.selenium.WebDriverServiceImpl.acceptAlert(WebDriverServiceImpl.java:210)
at lib.selenium.WebDriverServiceImpl.acceptAlert(WebDriverServiceImpl.java:210)
at lib.selenium.WebDriverServiceImpl.acceptAlert(WebDriverServiceImpl.java:210)
at lib.selenium.WebDriverServiceImpl.acceptAlert(WebDriverServiceImpl.java:210)
at lib.selenium.WebDriverServiceImpl.acceptAlert(WebDriverServiceImpl.java:210)
at lib.selenium.WebDriverServiceImpl.acceptAlert(WebDriverServiceImpl.java:210)
at lib.selenium.WebDriverServiceImpl.acceptAlert(WebDriverServiceImpl.java:210)
at lib.selenium.WebDriverServiceImpl.acceptAlert(WebDriverServiceImpl.java:210)
at lib.selenium.WebDriverServiceImpl.acceptAlert(WebDriverServiceImpl.java:210)
at lib.selenium.WebDriverServiceImpl.acceptAlert(WebDriverServiceImpl.java:210)
at lib.selenium.WebDriverServiceImpl.acceptAlert(WebDriverServiceImpl.java:210)
at lib.selenium.WebDriverServiceImpl.acceptAlert(WebDriverServiceImpl.java:210)
at lib.selenium.WebDriverServiceImpl.acceptAlert(WebDriverServiceImpl.java:210)
at lib.selenium.WebDriverServiceImpl.acceptAlert(WebDriverServiceImpl.java:210)
at lib.selenium.WebDriverServiceImpl.acceptAlert(WebDriverServiceImpl.java:210)
at lib.selenium.WebDriverServiceImpl.acceptAlert(WebDriverServiceImpl.java:210)
at lib.selenium.WebDriverServiceImpl.acceptAlert(WebDriverServiceImpl.java:210)
at lib.selenium.WebDriverServiceImpl.acceptAlert(WebDriverServiceImpl.java:210)
at lib.selenium.WebDriverServiceImpl.acceptAlert(WebDriverServiceImpl.java:210)
at lib.selenium.WebDriverServiceImpl.acceptAlert(WebDriverServiceImpl.java:210)
at lib.selenium.WebDriverServiceImpl.acceptAlert(WebDriverServiceImpl.java:210)
at lib.selenium.WebDriverServiceImpl.acceptAlert(WebDriverServiceImpl.java:210)
at lib.selenium.WebDriverServiceImpl.acceptAlert(WebDriverServiceImpl.java:210)
at lib.selenium.WebDriverServiceImpl.acceptAlert(WebDriverServiceImpl.java:210)
at lib.selenium.WebDriverServiceImpl.acceptAlert(WebDriverServiceImpl.java:210)
at lib.selenium.WebDriverServiceImpl.acceptAlert(WebDriverServiceImpl.java:210)
at lib.selenium.WebDriverServiceImpl.acceptAlert(WebDriverServiceImpl.java:210)
at lib.selenium.WebDriverServiceImpl.acceptAlert(WebDriverServiceImpl.java:210)
at lib.selenium.WebDriverServiceImpl.acceptAlert(WebDriverServiceImpl.java:210)
at lib.selenium.WebDriverServiceImpl.acceptAlert(WebDriverServiceImpl.java:210)
at lib.selenium.WebDriverServiceImpl.acceptAlert(WebDriverServiceImpl.java:210)
at lib.selenium.WebDriverServiceImpl.acceptAlert(WebDriverServiceImpl.java:210)
at lib.selenium.WebDriverServiceImpl.acceptAlert(WebDriverServiceImpl.java:210)
at lib.selenium.WebDriverServiceImpl.acceptAlert(WebDriverServiceImpl.java:210)
at lib.selenium.WebDriverServiceImpl.acceptAlert(WebDriverServiceImpl.java:210)
at lib.selenium.WebDriverServiceImpl.acceptAlert(WebDriverServiceImpl.java:210)
at lib.selenium.WebDriverServiceImpl.acceptAlert(WebDriverServiceImpl.java:210)
at lib.selenium.WebDriverServiceImpl.acceptAlert(WebDriverServiceImpl.java:210)
at lib.selenium.WebDriverServiceImpl.acceptAlert(WebDriverServiceImpl.java:210)
at lib.selenium.WebDriverServiceImpl.acceptAlert(WebDriverServiceImpl.java:210)
at lib.selenium.WebDriverServiceImpl.acceptAlert(WebDriverServiceImpl.java:210)
at lib.selenium.WebDriverServiceImpl.acceptAlert(WebDriverServiceImpl.java:210)
at lib.selenium.WebDriverServiceImpl.acceptAlert(WebDriverServiceImpl.java:210)
at lib.selenium.WebDriverServiceImpl.acceptAlert(WebDriverServiceImpl.java:210)
at lib.selenium.WebDriverServiceImpl.acceptAlert(WebDriverServiceImpl.java:210)
at lib.selenium.WebDriverServiceImpl.acceptAlert(WebDriverServiceImpl.java:210)
at lib.selenium.WebDriverServiceImpl.acceptAlert(WebDriverServiceImpl.java:210)
at lib.selenium.WebDriverServiceImpl.acceptAlert(WebDriverServiceImpl.java:210)
at lib.selenium.WebDriverServiceImpl.acceptAlert(WebDriverServiceImpl.java:210)
at lib.selenium.WebDriverServiceImpl.acceptAlert(WebDriverServiceImpl.java:210)
at lib.selenium.WebDriverServiceImpl.acceptAlert(WebDriverServiceImpl.java:210)
at lib.selenium.WebDriverServiceImpl.acceptAlert(WebDriverServiceImpl.java:210)
at lib.selenium.WebDriverServiceImpl.acceptAlert(WebDriverServiceImpl.java:210)
at lib.selenium.WebDriverServiceImpl.acceptAlert(WebDriverServiceImpl.java:210)
at lib.selenium.WebDriverServiceImpl.acceptAlert(WebDriverServiceImpl.java:210)
at lib.selenium.WebDriverServiceImpl.acceptAlert(WebDriverServiceImpl.java:210)
at lib.selenium.WebDriverServiceImpl.acceptAlert(WebDriverServiceImpl.java:210)
at lib.selenium.WebDriverServiceImpl.acceptAlert(WebDriverServiceImpl.java:210)
at lib.selenium.WebDriverServiceImpl.acceptAlert(WebDriverServiceImpl.java:210)
at lib.selenium.WebDriverServiceImpl.acceptAlert(WebDriverServiceImpl.java:210)
at lib.selenium.WebDriverServiceImpl.acceptAlert(WebDriverServiceImpl.java:210)
at lib.selenium.WebDriverServiceImpl.acceptAlert(WebDriverServiceImpl.java:210)
at lib.selenium.WebDriverServiceImpl.acceptAlert(WebDriverServiceImpl.java:210)
at lib.selenium.WebDriverServiceImpl.acceptAlert(WebDriverServiceImpl.java:210)
at lib.selenium.WebDriverServiceImpl.acceptAlert(WebDriverServiceImpl.java:210)
at lib.selenium.WebDriverServiceImpl.acceptAlert(WebDriverServiceImpl.java:210)
at lib.selenium.WebDriverServiceImpl.acceptAlert(WebDriverServiceImpl.java:210)
at lib.selenium.WebDriverServiceImpl.acceptAlert(WebDriverServiceImpl.java:210)
at lib.selenium.WebDriverServiceImpl.acceptAlert(WebDriverServiceImpl.java:210)
at lib.selenium.WebDriverServiceImpl.acceptAlert(WebDriverServiceImpl.java:210)
at lib.selenium.WebDriverServiceImpl.acceptAlert(WebDriverServiceImpl.java:210)
at lib.selenium.WebDriverServiceImpl.acceptAlert(WebDriverServiceImpl.java:210)
at lib.selenium.WebDriverServiceImpl.acceptAlert(WebDriverServiceImpl.java:210)
at lib.selenium.WebDriverServiceImpl.acceptAlert(WebDriverServiceImpl.java:210)
at lib.selenium.WebDriverServiceImpl.acceptAlert(WebDriverServiceImpl.java:210)
at lib.selenium.WebDriverServiceImpl.acceptAlert(WebDriverServiceImpl.java:210)
at lib.selenium.WebDriverServiceImpl.acceptAlert(WebDriverServiceImpl.java:210)
at lib.selenium.WebDriverServiceImpl.acceptAlert(WebDriverServiceImpl.java:210)
at lib.selenium.WebDriverServiceImpl.acceptAlert(WebDriverServiceImpl.java:210)
at lib.selenium.WebDriverServiceImpl.acceptAlert(WebDriverServiceImpl.java:210)
at lib.selenium.WebDriverServiceImpl.acceptAlert(WebDriverServiceImpl.java:210)
at lib.selenium.WebDriverServiceImpl.acceptAlert(WebDriverServiceImpl.java:210)
at lib.selenium.WebDriverServiceImpl.acceptAlert(WebDriverServiceImpl.java:210)
at lib.selenium.WebDriverServiceImpl.acceptAlert(WebDriverServiceImpl.java:210)
at lib.selenium.WebDriverServiceImpl.acceptAlert(WebDriverServiceImpl.java:210)
at lib.selenium.WebDriverServiceImpl.acceptAlert(WebDriverServiceImpl.java:210)
at lib.selenium.WebDriverServiceImpl.acceptAlert(WebDriverServiceImpl.java:210)
at lib.selenium.WebDriverServiceImpl.acceptAlert(WebDriverServiceImpl.java:210)
at lib.selenium.WebDriverServiceImpl.acceptAlert(WebDriverServiceImpl.java:210)
at lib.selenium.WebDriverServiceImpl.acceptAlert(WebDriverServiceImpl.java:210)
at lib.selenium.WebDriverServiceImpl.acceptAlert(WebDriverServiceImpl.java:210)
at lib.selenium.WebDriverServiceImpl.acceptAlert(WebDriverServiceImpl.java:210)
at lib.selenium.WebDriverServiceImpl.acceptAlert(WebDriverServiceImpl.java:210)
at lib.selenium.WebDriverServiceImpl.acceptAlert(WebDriverServiceImpl.java:210)
at lib.selenium.WebDriverServiceImpl.acceptAlert(WebDriverServiceImpl.java:210)
at lib.selenium.WebDriverServiceImpl.acceptAlert(WebDriverServiceImpl.java:210)
at lib.selenium.WebDriverServiceImpl.acceptAlert(WebDriverServiceImpl.java:210)
at lib.selenium.WebDriverServiceImpl.acceptAlert(WebDriverServiceImpl.java:210)
at lib.selenium.WebDriverServiceImpl.acceptAlert(WebDriverServiceImpl.java:210)
at lib.selenium.WebDriverServiceImpl.acceptAlert(WebDriverServiceImpl.java:210)
at lib.selenium.WebDriverServiceImpl.acceptAlert(WebDriverServiceImpl.java:210)
at lib.selenium.WebDriverServiceImpl.acceptAlert(WebDriverServiceImpl.java:210)
at lib.selenium.WebDriverServiceImpl.acceptAlert(WebDriverServiceImpl.java:210)
at lib.selenium.WebDriverServiceImpl.acceptAlert(WebDriverServiceImpl.java:210)
at lib.selenium.WebDriverServiceImpl.acceptAlert(WebDriverServiceImpl.java:210)
at lib.selenium.WebDriverServiceImpl.acceptAlert(WebDriverServiceImpl.java:210)
at lib.selenium.WebDriverServiceImpl.acceptAlert(WebDriverServiceImpl.java:210)
at lib.selenium.WebDriverServiceImpl.acceptAlert(WebDriverServiceImpl.java:210)
at lib.selenium.WebDriverServiceImpl.acceptAlert(WebDriverServiceImpl.java:210)
at lib.selenium.WebDriverServiceImpl.acceptAlert(WebDriverServiceImpl.java:210)
at lib.selenium.WebDriverServiceImpl.acceptAlert(WebDriverServiceImpl.java:210)
at lib.selenium.WebDriverServiceImpl.acceptAlert(WebDriverServiceImpl.java:210)
at lib.selenium.WebDriverServiceImpl.acceptAlert(WebDriverServiceImpl.java:210)
at lib.selenium.WebDriverServiceImpl.acceptAlert(WebDriverServiceImpl.java:210)
at lib.selenium.WebDriverServiceImpl.acceptAlert(WebDriverServiceImpl.java:210)
at lib.selenium.WebDriverServiceImpl.acceptAlert(WebDriverServiceImpl.java:210)
at lib.selenium.WebDriverServiceImpl.acceptAlert(WebDriverServiceImpl.java:210)
at lib.selenium.WebDriverServiceImpl.acceptAlert(WebDriverServiceImpl.java:210)
at lib.selenium.WebDriverServiceImpl.acceptAlert(WebDriverServiceImpl.java:210)
at lib.selenium.WebDriverServiceImpl.acceptAlert(WebDriverServiceImpl.java:210)
at lib.selenium.WebDriverServiceImpl.acceptAlert(WebDriverServiceImpl.java:210)
at lib.selenium.WebDriverServiceImpl.acceptAlert(WebDriverServiceImpl.java:210)
at lib.selenium.WebDriverServiceImpl.acceptAlert(WebDriverServiceImpl.java:210)
at lib.selenium.WebDriverServiceImpl.acceptAlert(WebDriverServiceImpl.java:210)
at lib.selenium.WebDriverServiceImpl.acceptAlert(WebDriverServiceImpl.java:210)
at lib.selenium.WebDriverServiceImpl.acceptAlert(WebDriverServiceImpl.java:210)
at lib.selenium.WebDriverServiceImpl.acceptAlert(WebDriverServiceImpl.java:210)
at lib.selenium.WebDriverServiceImpl.acceptAlert(WebDriverServiceImpl.java:210)
at lib.selenium.WebDriverServiceImpl.acceptAlert(WebDriverServiceImpl.java:210)
at lib.selenium.WebDriverServiceImpl.acceptAlert(WebDriverServiceImpl.java:210)
at lib.selenium.WebDriverServiceImpl.acceptAlert(WebDriverServiceImpl.java:210)
at lib.selenium.WebDriverServiceImpl.acceptAlert(WebDriverServiceImpl.java:210)
at lib.selenium.WebDriverServiceImpl.acceptAlert(WebDriverServiceImpl.java:210)
at lib.selenium.WebDriverServiceImpl.acceptAlert(WebDriverServiceImpl.java:210)
at lib.selenium.WebDriverServiceImpl.acceptAlert(WebDriverServiceImpl.java:210)
at lib.selenium.WebDriverServiceImpl.acceptAlert(WebDriverServiceImpl.java:210)
at lib.selenium.WebDriverServiceImpl.acceptAlert(WebDriverServiceImpl.java:210)
at lib.selenium.WebDriverServiceImpl.acceptAlert(WebDriverServiceImpl.java:210)
at lib.selenium.WebDriverServiceImpl.acceptAlert(WebDriverServiceImpl.java:210)
at lib.selenium.WebDriverServiceImpl.acceptAlert(WebDriverServiceImpl.java:210)
at lib.selenium.WebDriverServiceImpl.acceptAlert(WebDriverServiceImpl.java:210)
at lib.selenium.WebDriverServiceImpl.acceptAlert(WebDriverServiceImpl.java:210)
at lib.selenium.WebDriverServiceImpl.acceptAlert(WebDriverServiceImpl.java:210)
at lib.selenium.WebDriverServiceImpl.acceptAlert(WebDriverServiceImpl.java:210)
at lib.selenium.WebDriverServiceImpl.acceptAlert(WebDriverServiceImpl.java:210)
at lib.selenium.WebDriverServiceImpl.acceptAlert(WebDriverServiceImpl.java:210)
at lib.selenium.WebDriverServiceImpl.acceptAlert(WebDriverServiceImpl.java:210)
at lib.selenium.WebDriverServiceImpl.acceptAlert(WebDriverServiceImpl.java:210)
at lib.selenium.WebDriverServiceImpl.acceptAlert(WebDriverServiceImpl.java:210)
at lib.selenium.WebDriverServiceImpl.acceptAlert(WebDriverServiceImpl.java:210)
at lib.selenium.WebDriverServiceImpl.acceptAlert(WebDriverServiceImpl.java:210)
at lib.selenium.WebDriverServiceImpl.acceptAlert(WebDriverServiceImpl.java:210)
at lib.selenium.WebDriverServiceImpl.acceptAlert(WebDriverServiceImpl.java:210)
at lib.selenium.WebDriverServiceImpl.acceptAlert(WebDriverServiceImpl.java:210)
at lib.selenium.WebDriverServiceImpl.acceptAlert(WebDriverServiceImpl.java:210)
at lib.selenium.WebDriverServiceImpl.acceptAlert(WebDriverServiceImpl.java:210)
at lib.selenium.WebDriverServiceImpl.acceptAlert(WebDriverServiceImpl.java:210)
at lib.selenium.WebDriverServiceImpl.acceptAlert(WebDriverServiceImpl.java:210)
at lib.selenium.WebDriverServiceImpl.acceptAlert(WebDriverServiceImpl.java:210)
at lib.selenium.WebDriverServiceImpl.acceptAlert(WebDriverServiceImpl.java:210)
at lib.selenium.WebDriverServiceImpl.acceptAlert(WebDriverServiceImpl.java:210)
at lib.selenium.WebDriverServiceImpl.acceptAlert(WebDriverServiceImpl.java:210)
at lib.selenium.WebDriverServiceImpl.acceptAlert(WebDriverServiceImpl.java:210)
at lib.selenium.WebDriverServiceImpl.acceptAlert(WebDriverServiceImpl.java:210)
at lib.selenium.WebDriverServiceImpl.acceptAlert(WebDriverServiceImpl.java:210)
at lib.selenium.WebDriverServiceImpl.acceptAlert(WebDriverServiceImpl.java:210)
at lib.selenium.WebDriverServiceImpl.acceptAlert(WebDriverServiceImpl.java:210)
at lib.selenium.WebDriverServiceImpl.acceptAlert(WebDriverServiceImpl.java:210)
at lib.selenium.WebDriverServiceImpl.acceptAlert(WebDriverServiceImpl.java:210)
at lib.selenium.WebDriverServiceImpl.acceptAlert(WebDriverServiceImpl.java:210)
at lib.selenium.WebDriverServiceImpl.acceptAlert(WebDriverServiceImpl.java:210)
at lib.selenium.WebDriverServiceImpl.acceptAlert(WebDriverServiceImpl.java:210)
at lib.selenium.WebDriverServiceImpl.acceptAlert(WebDriverServiceImpl.java:210)
at lib.selenium.WebDriverServiceImpl.acceptAlert(WebDriverServiceImpl.java:210)
at lib.selenium.WebDriverServiceImpl.acceptAlert(WebDriverServiceImpl.java:210)
at lib.selenium.WebDriverServiceImpl.acceptAlert(WebDriverServiceImpl.java:210)
at lib.selenium.WebDriverServiceImpl.acceptAlert(WebDriverServiceImpl.java:210)
at lib.selenium.WebDriverServiceImpl.acceptAlert(WebDriverServiceImpl.java:210)
at lib.selenium.WebDriverServiceImpl.acceptAlert(WebDriverServiceImpl.java:210)
at lib.selenium.WebDriverServiceImpl.acceptAlert(WebDriverServiceImpl.java:210)
at lib.selenium.WebDriverServiceImpl.acceptAlert(WebDriverServiceImpl.java:210)
at lib.selenium.WebDriverServiceImpl.acceptAlert(WebDriverServiceImpl.java:210)
at lib.selenium.WebDriverServiceImpl.acceptAlert(WebDriverServiceImpl.java:210)
at lib.selenium.WebDriverServiceImpl.acceptAlert(WebDriverServiceImpl.java:210)
at lib.selenium.WebDriverServiceImpl.acceptAlert(WebDriverServiceImpl.java:210)
at lib.selenium.WebDriverServiceImpl.acceptAlert(WebDriverServiceImpl.java:210)
at lib.selenium.WebDriverServiceImpl.acceptAlert(WebDriverServiceImpl.java:210)
at lib.selenium.WebDriverServiceImpl.acceptAlert(WebDriverServiceImpl.java:210)
at lib.selenium.WebDriverServiceImpl.acceptAlert(WebDriverServiceImpl.java:210)
at lib.selenium.WebDriverServiceImpl.acceptAlert(WebDriverServiceImpl.java:210)
at lib.selenium.WebDriverServiceImpl.acceptAlert(WebDriverServiceImpl.java:210)
at lib.selenium.WebDriverServiceImpl.acceptAlert(WebDriverServiceImpl.java:210)
at lib.selenium.WebDriverServiceImpl.acceptAlert(WebDriverServiceImpl.java:210)
at lib.selenium.WebDriverServiceImpl.acceptAlert(WebDriverServiceImpl.java:210)
at lib.selenium.WebDriverServiceImpl.acceptAlert(WebDriverServiceImpl.java:210)
at lib.selenium.WebDriverServiceImpl.acceptAlert(WebDriverServiceImpl.java:210)
at lib.selenium.WebDriverServiceImpl.acceptAlert(WebDriverServiceImpl.java:210)
at lib.selenium.WebDriverServiceImpl.acceptAlert(WebDriverServiceImpl.java:210)
at lib.selenium.WebDriverServiceImpl.acceptAlert(WebDriverServiceImpl.java:210)
at lib.selenium.WebDriverServiceImpl.acceptAlert(WebDriverServiceImpl.java:210)
at lib.selenium.WebDriverServiceImpl.acceptAlert(WebDriverServiceImpl.java:210)
at lib.selenium.WebDriverServiceImpl.acceptAlert(WebDriverServiceImpl.java:210)
at lib.selenium.WebDriverServiceImpl.acceptAlert(WebDriverServiceImpl.java:210)
at lib.selenium.WebDriverServiceImpl.acceptAlert(WebDriverServiceImpl.java:210)
at lib.selenium.WebDriverServiceImpl.acceptAlert(WebDriverServiceImpl.java:210)
at lib.selenium.WebDriverServiceImpl.acceptAlert(WebDriverServiceImpl.java:210)
at lib.selenium.WebDriverServiceImpl.acceptAlert(WebDriverServiceImpl.java:210)
at lib.selenium.WebDriverServiceImpl.acceptAlert(WebDriverServiceImpl.java:210)
at lib.selenium.WebDriverServiceImpl.acceptAlert(WebDriverServiceImpl.java:210)
at lib.selenium.WebDriverServiceImpl.acceptAlert(WebDriverServiceImpl.java:210)
at lib.selenium.WebDriverServiceImpl.acceptAlert(WebDriverServiceImpl.java:210)
at lib.selenium.WebDriverServiceImpl.acceptAlert(WebDriverServiceImpl.java:210)
at lib.selenium.WebDriverServiceImpl.acceptAlert(WebDriverServiceImpl.java:210)
at lib.selenium.WebDriverServiceImpl.acceptAlert(WebDriverServiceImpl.java:210)
at lib.selenium.WebDriverServiceImpl.acceptAlert(WebDriverServiceImpl.java:210)
at lib.selenium.WebDriverServiceImpl.acceptAlert(WebDriverServiceImpl.java:210)
at lib.selenium.WebDriverServiceImpl.acceptAlert(WebDriverServiceImpl.java:210)
at lib.selenium.WebDriverServiceImpl.acceptAlert(WebDriverServiceImpl.java:210)
at lib.selenium.WebDriverServiceImpl.acceptAlert(WebDriverServiceImpl.java:210)
at lib.selenium.WebDriverServiceImpl.acceptAlert(WebDriverServiceImpl.java:210)
at lib.selenium.WebDriverServiceImpl.acceptAlert(WebDriverServiceImpl.java:210)
at lib.selenium.WebDriverServiceImpl.acceptAlert(WebDriverServiceImpl.java:210)
at lib.selenium.WebDriverServiceImpl.acceptAlert(WebDriverServiceImpl.java:210)
at lib.selenium.WebDriverServiceImpl.acceptAlert(WebDriverServiceImpl.java:210)
at lib.selenium.WebDriverServiceImpl.acceptAlert(WebDriverServiceImpl.java:210)
at lib.selenium.WebDriverServiceImpl.acceptAlert(WebDriverServiceImpl.java:210)
at lib.selenium.WebDriverServiceImpl.acceptAlert(WebDriverServiceImpl.java:210)
at lib.selenium.WebDriverServiceImpl.acceptAlert(WebDriverServiceImpl.java:210)
at lib.selenium.WebDriverServiceImpl.acceptAlert(WebDriverServiceImpl.java:210)
at lib.selenium.WebDriverServiceImpl.acceptAlert(WebDriverServiceImpl.java:210)
at lib.selenium.WebDriverServiceImpl.acceptAlert(WebDriverServiceImpl.java:210)
at lib.selenium.WebDriverServiceImpl.acceptAlert(WebDriverServiceImpl.java:210)
at lib.selenium.WebDriverServiceImpl.acceptAlert(WebDriverServiceImpl.java:210)
at lib.selenium.WebDriverServiceImpl.acceptAlert(WebDriverServiceImpl.java:210)
at lib.selenium.WebDriverServiceImpl.acceptAlert(WebDriverServiceImpl.java:210)
at lib.selenium.WebDriverServiceImpl.acceptAlert(WebDriverServiceImpl.java:210)
at lib.selenium.WebDriverServiceImpl.acceptAlert(WebDriverServiceImpl.java:210)
at lib.selenium.WebDriverServiceImpl.acceptAlert(WebDriverServiceImpl.java:210)
at lib.selenium.WebDriverServiceImpl.acceptAlert(WebDriverServiceImpl.java:210)
at lib.selenium.WebDriverServiceImpl.acceptAlert(WebDriverServiceImpl.java:210)
at lib.selenium.WebDriverServiceImpl.acceptAlert(WebDriverServiceImpl.java:210)
at lib.selenium.WebDriverServiceImpl.acceptAlert(WebDriverServiceImpl.java:210)
at lib.selenium.WebDriverServiceImpl.acceptAlert(WebDriverServiceImpl.java:210)
at lib.selenium.WebDriverServiceImpl.acceptAlert(WebDriverServiceImpl.java:210)
at lib.selenium.WebDriverServiceImpl.acceptAlert(WebDriverServiceImpl.java:210)
at lib.selenium.WebDriverServiceImpl.acceptAlert(WebDriverServiceImpl.java:210)
at lib.selenium.WebDriverServiceImpl.acceptAlert(WebDriverServiceImpl.java:210)
at lib.selenium.WebDriverServiceImpl.acceptAlert(WebDriverServiceImpl.java:210)
at lib.selenium.WebDriverServiceImpl.acceptAlert(WebDriverServiceImpl.java:210)
at lib.selenium.WebDriverServiceImpl.acceptAlert(WebDriverServiceImpl.java:210)
at lib.selenium.WebDriverServiceImpl.acceptAlert(WebDriverServiceImpl.java:210)
at lib.selenium.WebDriverServiceImpl.acceptAlert(WebDriverServiceImpl.java:210)
at lib.selenium.WebDriverServiceImpl.acceptAlert(WebDriverServiceImpl.java:210)
at lib.selenium.WebDriverServiceImpl.acceptAlert(WebDriverServiceImpl.java:210)
at lib.selenium.WebDriverServiceImpl.acceptAlert(WebDriverServiceImpl.java:210)
at lib.selenium.WebDriverServiceImpl.acceptAlert(WebDriverServiceImpl.java:210)
at lib.selenium.WebDriverServiceImpl.acceptAlert(WebDriverServiceImpl.java:210)
at lib.selenium.WebDriverServiceImpl.acceptAlert(WebDriverServiceImpl.java:210)
at lib.selenium.WebDriverServiceImpl.acceptAlert(WebDriverServiceImpl.java:210)
at lib.selenium.WebDriverServiceImpl.acceptAlert(WebDriverServiceImpl.java:210)
at lib.selenium.WebDriverServiceImpl.acceptAlert(WebDriverServiceImpl.java:210)
at lib.selenium.WebDriverServiceImpl.acceptAlert(WebDriverServiceImpl.java:210)
at lib.selenium.WebDriverServiceImpl.acceptAlert(WebDriverServiceImpl.java:210)
at lib.selenium.WebDriverServiceImpl.acceptAlert(WebDriverServiceImpl.java:210)
at lib.selenium.WebDriverServiceImpl.acceptAlert(WebDriverServiceImpl.java:210)
at lib.selenium.WebDriverServiceImpl.acceptAlert(WebDriverServiceImpl.java:210)
at lib.selenium.WebDriverServiceImpl.acceptAlert(WebDriverServiceImpl.java:210)
at lib.selenium.WebDriverServiceImpl.acceptAlert(WebDriverServiceImpl.java:210)
at lib.selenium.WebDriverServiceImpl.acceptAlert(WebDriverServiceImpl.java:210)
at lib.selenium.WebDriverServiceImpl.acceptAlert(WebDriverServiceImpl.java:210)
at lib.selenium.WebDriverServiceImpl.acceptAlert(WebDriverServiceImpl.java:210)
at lib.selenium.WebDriverServiceImpl.acceptAlert(WebDriverServiceImpl.java:210)
at lib.selenium.WebDriverServiceImpl.acceptAlert(WebDriverServiceImpl.java:210)
at lib.selenium.WebDriverServiceImpl.acceptAlert(WebDriverServiceImpl.java:210)
at lib.selenium.WebDriverServiceImpl.acceptAlert(WebDriverServiceImpl.java:210)
at lib.selenium.WebDriverServiceImpl.acceptAlert(WebDriverServiceImpl.java:210)
at lib.selenium.WebDriverServiceImpl.acceptAlert(WebDriverServiceImpl.java:210)
at lib.selenium.WebDriverServiceImpl.acceptAlert(WebDriverServiceImpl.java:210)
at lib.selenium.WebDriverServiceImpl.acceptAlert(WebDriverServiceImpl.java:210)
at lib.selenium.WebDriverServiceImpl.acceptAlert(WebDriverServiceImpl.java:210)
at lib.selenium.WebDriverServiceImpl.acceptAlert(WebDriverServiceImpl.java:210)
at lib.selenium.WebDriverServiceImpl.acceptAlert(WebDriverServiceImpl.java:210)
at lib.selenium.WebDriverServiceImpl.acceptAlert(WebDriverServiceImpl.java:210)
at lib.selenium.WebDriverServiceImpl.acceptAlert(WebDriverServiceImpl.java:210)
at lib.selenium.WebDriverServiceImpl.acceptAlert(WebDriverServiceImpl.java:210)
at lib.selenium.WebDriverServiceImpl.acceptAlert(WebDriverServiceImpl.java:210)
at lib.selenium.WebDriverServiceImpl.acceptAlert(WebDriverServiceImpl.java:210)
at lib.selenium.WebDriverServiceImpl.acceptAlert(WebDriverServiceImpl.java:210)
at lib.selenium.WebDriverServiceImpl.acceptAlert(WebDriverServiceImpl.java:210)
at lib.selenium.WebDriverServiceImpl.acceptAlert(WebDriverServiceImpl.java:210)
at lib.selenium.WebDriverServiceImpl.acceptAlert(WebDriverServiceImpl.java:210)
at lib.selenium.WebDriverServiceImpl.acceptAlert(WebDriverServiceImpl.java:210)
at lib.selenium.WebDriverServiceImpl.acceptAlert(WebDriverServiceImpl.java:210)
at lib.selenium.WebDriverServiceImpl.acceptAlert(WebDriverServiceImpl.java:210)
at lib.selenium.WebDriverServiceImpl.acceptAlert(WebDriverServiceImpl.java:210)
at lib.selenium.WebDriverServiceImpl.acceptAlert(WebDriverServiceImpl.java:210)
at lib.selenium.WebDriverServiceImpl.acceptAlert(WebDriverServiceImpl.java:210)
at lib.selenium.WebDriverServiceImpl.acceptAlert(WebDriverServiceImpl.java:210)
at lib.selenium.WebDriverServiceImpl.acceptAlert(WebDriverServiceImpl.java:210)
at lib.selenium.WebDriverServiceImpl.acceptAlert(WebDriverServiceImpl.java:210)
at lib.selenium.WebDriverServiceImpl.acceptAlert(WebDriverServiceImpl.java:210)
at lib.selenium.WebDriverServiceImpl.acceptAlert(WebDriverServiceImpl.java:210)
at lib.selenium.WebDriverServiceImpl.acceptAlert(WebDriverServiceImpl.java:210)
at lib.selenium.WebDriverServiceImpl.acceptAlert(WebDriverServiceImpl.java:210)
at lib.selenium.WebDriverServiceImpl.acceptAlert(WebDriverServiceImpl.java:210)
at lib.selenium.WebDriverServiceImpl.acceptAlert(WebDriverServiceImpl.java:210)
at lib.selenium.WebDriverServiceImpl.acceptAlert(WebDriverServiceImpl.java:210)
at lib.selenium.WebDriverServiceImpl.acceptAlert(WebDriverServiceImpl.java:210)
at lib.selenium.WebDriverServiceImpl.acceptAlert(WebDriverServiceImpl.java:210)
at lib.selenium.WebDriverServiceImpl.acceptAlert(WebDriverServiceImpl.java:210)
at lib.selenium.WebDriverServiceImpl.acceptAlert(WebDriverServiceImpl.java:210)
at lib.selenium.WebDriverServiceImpl.acceptAlert(WebDriverServiceImpl.java:210)
at lib.selenium.WebDriverServiceImpl.acceptAlert(WebDriverServiceImpl.java:210)
at lib.selenium.WebDriverServiceImpl.acceptAlert(WebDriverServiceImpl.java:210)
at lib.selenium.WebDriverServiceImpl.acceptAlert(WebDriverServiceImpl.java:210)
at lib.selenium.WebDriverServiceImpl.acceptAlert(WebDriverServiceImpl.java:210)
at lib.selenium.WebDriverServiceImpl.acceptAlert(WebDriverServiceImpl.java:210)
at lib.selenium.WebDriverServiceImpl.acceptAlert(WebDriverServiceImpl.java:210)
at lib.selenium.WebDriverServiceImpl.acceptAlert(WebDriverServiceImpl.java:210)
at lib.selenium.WebDriverServiceImpl.acceptAlert(WebDriverServiceImpl.java:210)
at lib.selenium.WebDriverServiceImpl.acceptAlert(WebDriverServiceImpl.java:210)
at lib.selenium.WebDriverServiceImpl.acceptAlert(WebDriverServiceImpl.java:210)
at lib.selenium.WebDriverServiceImpl.acceptAlert(WebDriverServiceImpl.java:210)
at lib.selenium.WebDriverServiceImpl.acceptAlert(WebDriverServiceImpl.java:210)
at lib.selenium.WebDriverServiceImpl.acceptAlert(WebDriverServiceImpl.java:210)
at lib.selenium.WebDriverServiceImpl.acceptAlert(WebDriverServiceImpl.java:210)
at lib.selenium.WebDriverServiceImpl.acceptAlert(WebDriverServiceImpl.java:210)
at lib.selenium.WebDriverServiceImpl.acceptAlert(WebDriverServiceImpl.java:210)
at lib.selenium.WebDriverServiceImpl.acceptAlert(WebDriverServiceImpl.java:210)
at lib.selenium.WebDriverServiceImpl.acceptAlert(WebDriverServiceImpl.java:210)
at lib.selenium.WebDriverServiceImpl.acceptAlert(WebDriverServiceImpl.java:210)
at lib.selenium.WebDriverServiceImpl.acceptAlert(WebDriverServiceImpl.java:210)
at lib.selenium.WebDriverServiceImpl.acceptAlert(WebDriverServiceImpl.java:210)
at lib.selenium.WebDriverServiceImpl.acceptAlert(WebDriverServiceImpl.java:210)
at lib.selenium.WebDriverServiceImpl.acceptAlert(WebDriverServiceImpl.java:210)
at lib.selenium.WebDriverServiceImpl.acceptAlert(WebDriverServiceImpl.java:210)
at lib.selenium.WebDriverServiceImpl.acceptAlert(WebDriverServiceImpl.java:210)
at lib.selenium.WebDriverServiceImpl.acceptAlert(WebDriverServiceImpl.java:210)
at lib.selenium.WebDriverServiceImpl.acceptAlert(WebDriverServiceImpl.java:210)
at lib.selenium.WebDriverServiceImpl.acceptAlert(WebDriverServiceImpl.java:210)
at lib.selenium.WebDriverServiceImpl.acceptAlert(WebDriverServiceImpl.java:210)
at lib.selenium.WebDriverServiceImpl.acceptAlert(WebDriverServiceImpl.java:210)
at lib.selenium.WebDriverServiceImpl.acceptAlert(WebDriverServiceImpl.java:210)
at lib.selenium.WebDriverServiceImpl.acceptAlert(WebDriverServiceImpl.java:210)
at lib.selenium.WebDriverServiceImpl.acceptAlert(WebDriverServiceImpl.java:210)
at lib.selenium.WebDriverServiceImpl.acceptAlert(WebDriverServiceImpl.java:210)
at lib.selenium.WebDriverServiceImpl.acceptAlert(WebDriverServiceImpl.java:210)
at lib.selenium.WebDriverServiceImpl.acceptAlert(WebDriverServiceImpl.java:210)
at lib.selenium.WebDriverServiceImpl.acceptAlert(WebDriverServiceImpl.java:210)
at lib.selenium.WebDriverServiceImpl.acceptAlert(WebDriverServiceImpl.java:210)
at lib.selenium.WebDriverServiceImpl.acceptAlert(WebDriverServiceImpl.java:210)
at lib.selenium.WebDriverServiceImpl.acceptAlert(WebDriverServiceImpl.java:210)
at lib.selenium.WebDriverServiceImpl.acceptAlert(WebDriverServiceImpl.java:210)
at lib.selenium.WebDriverServiceImpl.acceptAlert(WebDriverServiceImpl.java:210)
at lib.selenium.WebDriverServiceImpl.acceptAlert(WebDriverServiceImpl.java:210)
at lib.selenium.WebDriverServiceImpl.acceptAlert(WebDriverServiceImpl.java:210)
at lib.selenium.WebDriverServiceImpl.acceptAlert(WebDriverServiceImpl.java:210)
at lib.selenium.WebDriverServiceImpl.acceptAlert(WebDriverServiceImpl.java:210)
at lib.selenium.WebDriverServiceImpl.acceptAlert(WebDriverServiceImpl.java:210)
at lib.selenium.WebDriverServiceImpl.acceptAlert(WebDriverServiceImpl.java:210)
at lib.selenium.WebDriverServiceImpl.acceptAlert(WebDriverServiceImpl.java:210)
at lib.selenium.WebDriverServiceImpl.acceptAlert(WebDriverServiceImpl.java:210)
at lib.selenium.WebDriverServiceImpl.acceptAlert(WebDriverServiceImpl.java:210)
at lib.selenium.WebDriverServiceImpl.acceptAlert(WebDriverServiceImpl.java:210)
at lib.selenium.WebDriverServiceImpl.acceptAlert(WebDriverServiceImpl.java:210)
at lib.selenium.WebDriverServiceImpl.acceptAlert(WebDriverServiceImpl.java:210)
at lib.selenium.WebDriverServiceImpl.acceptAlert(WebDriverServiceImpl.java:210)
at lib.selenium.WebDriverServiceImpl.acceptAlert(WebDriverServiceImpl.java:210)
at lib.selenium.WebDriverServiceImpl.acceptAlert(WebDriverServiceImpl.java:210)
at lib.selenium.WebDriverServiceImpl.acceptAlert(WebDriverServiceImpl.java:210)
at lib.selenium.WebDriverServiceImpl.acceptAlert(WebDriverServiceImpl.java:210)
at lib.selenium.WebDriverServiceImpl.acceptAlert(WebDriverServiceImpl.java:210)
at lib.selenium.WebDriverServiceImpl.acceptAlert(WebDriverServiceImpl.java:210)
at lib.selenium.WebDriverServiceImpl.acceptAlert(WebDriverServiceImpl.java:210)
at lib.selenium.WebDriverServiceImpl.acceptAlert(WebDriverServiceImpl.java:210)
at lib.selenium.WebDriverServiceImpl.acceptAlert(WebDriverServiceImpl.java:210)
at lib.selenium.WebDriverServiceImpl.acceptAlert(WebDriverServiceImpl.java:210)
at lib.selenium.WebDriverServiceImpl.acceptAlert(WebDriverServiceImpl.java:210)
at lib.selenium.WebDriverServiceImpl.acceptAlert(WebDriverServiceImpl.java:210)
at lib.selenium.WebDriverServiceImpl.acceptAlert(WebDriverServiceImpl.java:210)
at lib.selenium.WebDriverServiceImpl.acceptAlert(WebDriverServiceImpl.java:210)
at lib.selenium.WebDriverServiceImpl.acceptAlert(WebDriverServiceImpl.java:210)
at lib.selenium.WebDriverServiceImpl.acceptAlert(WebDriverServiceImpl.java:210)
at lib.selenium.WebDriverServiceImpl.acceptAlert(WebDriverServiceImpl.java:210)
at lib.selenium.WebDriverServiceImpl.acceptAlert(WebDriverServiceImpl.java:210)
at lib.selenium.WebDriverServiceImpl.acceptAlert(WebDriverServiceImpl.java:210)
at lib.selenium.WebDriverServiceImpl.acceptAlert(WebDriverServiceImpl.java:210)
at lib.selenium.WebDriverServiceImpl.acceptAlert(WebDriverServiceImpl.java:210)
at lib.selenium.WebDriverServiceImpl.acceptAlert(WebDriverServiceImpl.java:210)
at lib.selenium.WebDriverServiceImpl.acceptAlert(WebDriverServiceImpl.java:210)
at lib.selenium.WebDriverServiceImpl.acceptAlert(WebDriverServiceImpl.java:210)
at lib.selenium.WebDriverServiceImpl.acceptAlert(WebDriverServiceImpl.java:210)
at lib.selenium.WebDriverServiceImpl.acceptAlert(WebDriverServiceImpl.java:210)
at lib.selenium.WebDriverServiceImpl.acceptAlert(WebDriverServiceImpl.java:210)
at lib.selenium.WebDriverServiceImpl.acceptAlert(WebDriverServiceImpl.java:210)
at lib.selenium.WebDriverServiceImpl.acceptAlert(WebDriverServiceImpl.java:210)
at lib.selenium.WebDriverServiceImpl.acceptAlert(WebDriverServiceImpl.java:210)
at lib.selenium.WebDriverServiceImpl.acceptAlert(WebDriverServiceImpl.java:210)
at lib.selenium.WebDriverServiceImpl.acceptAlert(WebDriverServiceImpl.java:210)
at lib.selenium.WebDriverServiceImpl.acceptAlert(WebDriverServiceImpl.java:210)
at lib.selenium.WebDriverServiceImpl.acceptAlert(WebDriverServiceImpl.java:210)
at lib.selenium.WebDriverServiceImpl.acceptAlert(WebDriverServiceImpl.java:210)
at lib.selenium.WebDriverServiceImpl.acceptAlert(WebDriverServiceImpl.java:210)
at lib.selenium.WebDriverServiceImpl.acceptAlert(WebDriverServiceImpl.java:210)
at lib.selenium.WebDriverServiceImpl.acceptAlert(WebDriverServiceImpl.java:210)
at lib.selenium.WebDriverServiceImpl.acceptAlert(WebDriverServiceImpl.java:210)
at lib.selenium.WebDriverServiceImpl.acceptAlert(WebDriverServiceImpl.java:210)
at lib.selenium.WebDriverServiceImpl.acceptAlert(WebDriverServiceImpl.java:210)
at lib.selenium.WebDriverServiceImpl.acceptAlert(WebDriverServiceImpl.java:210)
at lib.selenium.WebDriverServiceImpl.acceptAlert(WebDriverServiceImpl.java:210)
at lib.selenium.WebDriverServiceImpl.acceptAlert(WebDriverServiceImpl.java:210)
at lib.selenium.WebDriverServiceImpl.acceptAlert(WebDriverServiceImpl.java:210)
at lib.selenium.WebDriverServiceImpl.acceptAlert(WebDriverServiceImpl.java:210)
at lib.selenium.WebDriverServiceImpl.acceptAlert(WebDriverServiceImpl.java:210)
at lib.selenium.WebDriverServiceImpl.acceptAlert(WebDriverServiceImpl.java:210)
at lib.selenium.WebDriverServiceImpl.acceptAlert(WebDriverServiceImpl.java:210)
at lib.selenium.WebDriverServiceImpl.acceptAlert(WebDriverServiceImpl.java:210)
at lib.selenium.WebDriverServiceImpl.acceptAlert(WebDriverServiceImpl.java:210)
at lib.selenium.WebDriverServiceImpl.acceptAlert(WebDriverServiceImpl.java:210)
at lib.selenium.WebDriverServiceImpl.acceptAlert(WebDriverServiceImpl.java:210)
at lib.selenium.WebDriverServiceImpl.acceptAlert(WebDriverServiceImpl.java:210)
at lib.selenium.WebDriverServiceImpl.acceptAlert(WebDriverServiceImpl.java:210)
at lib.selenium.WebDriverServiceImpl.acceptAlert(WebDriverServiceImpl.java:210)
at lib.selenium.WebDriverServiceImpl.acceptAlert(WebDriverServiceImpl.java:210)
at lib.selenium.WebDriverServiceImpl.acceptAlert(WebDriverServiceImpl.java:210)
at lib.selenium.WebDriverServiceImpl.acceptAlert(WebDriverServiceImpl.java:210)
at lib.selenium.WebDriverServiceImpl.acceptAlert(WebDriverServiceImpl.java:210)
at lib.selenium.WebDriverServiceImpl.acceptAlert(WebDriverServiceImpl.java:210)
at lib.selenium.WebDriverServiceImpl.acceptAlert(WebDriverServiceImpl.java:210)
at lib.selenium.WebDriverServiceImpl.acceptAlert(WebDriverServiceImpl.java:210)
at lib.selenium.WebDriverServiceImpl.acceptAlert(WebDriverServiceImpl.java:210)
at lib.selenium.WebDriverServiceImpl.acceptAlert(WebDriverServiceImpl.java:210)
at lib.selenium.WebDriverServiceImpl.acceptAlert(WebDriverServiceImpl.java:210)
at lib.selenium.WebDriverServiceImpl.acceptAlert(WebDriverServiceImpl.java:210)
at lib.selenium.WebDriverServiceImpl.acceptAlert(WebDriverServiceImpl.java:210)
at lib.selenium.WebDriverServiceImpl.acceptAlert(WebDriverServiceImpl.java:210)
at lib.selenium.WebDriverServiceImpl.acceptAlert(WebDriverServiceImpl.java:210)
at lib.selenium.WebDriverServiceImpl.acceptAlert(WebDriverServiceImpl.java:210)
]]>
    </error>
  </testcase> <!-- mergeLead -->
</testsuite> <!-- tests.MergeLead -->
